<?xml version="1.0" encoding="UTF-8"?>
<testsuite name="com.DevBridge.devbridge.DevbridgeApplicationTests" tests="1" skipped="0" failures="0" errors="0" timestamp="2026-04-20T08:56:02.911Z" hostname="YEONA_LEE" time="8.106">
  <properties/>
  <testcase name="contextLoads()" classname="com.DevBridge.devbridge.DevbridgeApplicationTests" time="0.229"/>
  <system-out><![CDATA[17:56:03.071 [Test worker] INFO org.springframework.test.context.support.AnnotationConfigContextLoaderUtils -- Could not detect default configuration classes for test class [com.DevBridge.devbridge.DevbridgeApplicationTests]: DevbridgeApplicationTests does not declare any static, non-private, non-final, nested classes annotated with @Configuration.
17:56:03.143 [Test worker] INFO org.springframework.boot.test.context.SpringBootTestContextBootstrapper -- Found @SpringBootConfiguration com.DevBridge.devbridge.DevbridgeApplication for test class com.DevBridge.devbridge.DevbridgeApplicationTests
17:56:03.195 [Test worker] INFO org.springframework.test.context.support.AnnotationConfigContextLoaderUtils -- Could not detect default configuration classes for test class [com.DevBridge.devbridge.DevbridgeApplicationTests]: DevbridgeApplicationTests does not declare any static, non-private, non-final, nested classes annotated with @Configuration.
17:56:03.196 [Test worker] INFO org.springframework.boot.test.context.SpringBootTestContextBootstrapper -- Found @SpringBootConfiguration com.DevBridge.devbridge.DevbridgeApplication for test class com.DevBridge.devbridge.DevbridgeApplicationTests

  .   ____          _            __ _ _
 /\\ / ___'_ __ _ _(_)_ __  __ _ \ \ \ \
( ( )\___ | '_ | '_| | '_ \/ _` | \ \ \ \
 \\/  ___)| |_)| | | | | || (_| |  ) ) ) )
  '  |____| .__|_| |_|_| |_\__, | / / / /
 =========|_|==============|___/=/_/_/_/

 :: Spring Boot ::                (v4.0.4)

2026-04-20T17:56:03.462+09:00  INFO 35280 --- [devbridge] [    Test worker] c.D.devbridge.DevbridgeApplicationTests  : Starting DevbridgeApplicationTests using Java 17.0.18 with PID 35280 (started by hylee in C:\Aibe5_PJT2)
2026-04-20T17:56:03.463+09:00  INFO 35280 --- [devbridge] [    Test worker] c.D.devbridge.DevbridgeApplicationTests  : No active profile set, falling back to 1 default profile: "default"
2026-04-20T17:56:04.057+09:00  INFO 35280 --- [devbridge] [    Test worker] .s.d.r.c.RepositoryConfigurationDelegate : Bootstrapping Spring Data JPA repositories in DEFAULT mode.
2026-04-20T17:56:04.161+09:00  INFO 35280 --- [devbridge] [    Test worker] .s.d.r.c.RepositoryConfigurationDelegate : Finished Spring Data repository scanning in 96 ms. Found 24 JPA repository interfaces.
2026-04-20T17:56:04.773+09:00  INFO 35280 --- [devbridge] [    Test worker] org.hibernate.orm.jpa                    : HHH008540: Processing PersistenceUnitInfo [name: default]
2026-04-20T17:56:04.846+09:00  INFO 35280 --- [devbridge] [    Test worker] org.hibernate.orm.core                   : HHH000001: Hibernate ORM core version 7.2.7.Final
2026-04-20T17:56:05.430+09:00  INFO 35280 --- [devbridge] [    Test worker] o.s.o.j.p.SpringPersistenceUnitInfo      : No LoadTimeWeaver setup: ignoring JPA class transformer
2026-04-20T17:56:05.467+09:00  INFO 35280 --- [devbridge] [    Test worker] com.zaxxer.hikari.HikariDataSource       : HikariPool-1 - Starting...
2026-04-20T17:56:05.857+09:00  INFO 35280 --- [devbridge] [    Test worker] com.zaxxer.hikari.pool.HikariPool        : HikariPool-1 - Added connection com.mysql.cj.jdbc.ConnectionImpl@3c108c05
2026-04-20T17:56:05.861+09:00  INFO 35280 --- [devbridge] [    Test worker] com.zaxxer.hikari.HikariDataSource       : HikariPool-1 - Start completed.
2026-04-20T17:56:05.995+09:00  INFO 35280 --- [devbridge] [    Test worker] org.hibernate.orm.connections.pooling    : HHH10001005: Database info:
	Database JDBC URL [jdbc:mysql://localhost:3306/devbridge_db?serverTimezone=Asia/Seoul]
	Database driver: MySQL Connector/J
	Database dialect: MySQLDialect
	Database version: 8.0.45
	Default catalog/schema: devbridge_db/undefined
	Autocommit mode: undefined/unknown
	Isolation level: REPEATABLE_READ [default REPEATABLE_READ]
	JDBC fetch size: none
	Pool: DataSourceConnectionProvider
	Minimum pool size: undefined/unknown
	Maximum pool size: undefined/unknown
2026-04-20T17:56:07.154+09:00  INFO 35280 --- [devbridge] [    Test worker] org.hibernate.orm.core                   : HHH000489: No JTA platform available (set 'hibernate.transaction.jta.platform' to enable JTA platform integration)
Hibernate: 
    create table partner_portfolios (
        id bigint not null auto_increment,
        core_features CLOB,
        created_at datetime(6),
        github_url varchar(500),
        is_added bit not null,
        is_public bit not null,
        live_url varchar(500),
        period varchar(100),
        role varchar(100),
        sections_json CLOB,
        solution CLOB,
        source_key varchar(100) not null,
        tech_tags CLOB,
        technical_challenge CLOB,
        thumbnail_url varchar(500),
        title varchar(255),
        updated_at datetime(6),
        vision CLOB,
        work_content CLOB,
        source_project_id bigint,
        user_id bigint not null,
        primary key (id)
    ) engine=InnoDB
2026-04-20T17:56:07.231+09:00  WARN 35280 --- [devbridge] [    Test worker] o.h.t.s.i.ExceptionHandlerLoggedImpl     : GenerationTarget encountered exception accepting command : Error executing DDL "
    create table partner_portfolios (
        id bigint not null auto_increment,
        core_features CLOB,
        created_at datetime(6),
        github_url varchar(500),
        is_added bit not null,
        is_public bit not null,
        live_url varchar(500),
        period varchar(100),
        role varchar(100),
        sections_json CLOB,
        solution CLOB,
        source_key varchar(100) not null,
        tech_tags CLOB,
        technical_challenge CLOB,
        thumbnail_url varchar(500),
        title varchar(255),
        updated_at datetime(6),
        vision CLOB,
        work_content CLOB,
        source_project_id bigint,
        user_id bigint not null,
        primary key (id)
    ) engine=InnoDB" via JDBC [You have an error in your SQL syntax; check the manual that corresponds to your MySQL server version for the right syntax to use near 'CLOB,
        created_at datetime(6),
        github_url varchar(500),
      ' at line 3]

org.hibernate.tool.schema.spi.CommandAcceptanceException: Error executing DDL "
    create table partner_portfolios (
        id bigint not null auto_increment,
        core_features CLOB,
        created_at datetime(6),
        github_url varchar(500),
        is_added bit not null,
        is_public bit not null,
        live_url varchar(500),
        period varchar(100),
        role varchar(100),
        sections_json CLOB,
        solution CLOB,
        source_key varchar(100) not null,
        tech_tags CLOB,
        technical_challenge CLOB,
        thumbnail_url varchar(500),
        title varchar(255),
        updated_at datetime(6),
        vision CLOB,
        work_content CLOB,
        source_project_id bigint,
        user_id bigint not null,
        primary key (id)
    ) engine=InnoDB" via JDBC [You have an error in your SQL syntax; check the manual that corresponds to your MySQL server version for the right syntax to use near 'CLOB,
        created_at datetime(6),
        github_url varchar(500),
      ' at line 3]
	at org.hibernate.tool.schema.internal.exec.GenerationTargetToDatabase.accept(GenerationTargetToDatabase.java:81) ~[hibernate-core-7.2.7.Final.jar:7.2.7.Final]
	at org.hibernate.tool.schema.internal.AbstractSchemaMigrator.applySqlString(AbstractSchemaMigrator.java:566) ~[hibernate-core-7.2.7.Final.jar:7.2.7.Final]
	at org.hibernate.tool.schema.internal.AbstractSchemaMigrator.applySqlStrings(AbstractSchemaMigrator.java:506) ~[hibernate-core-7.2.7.Final.jar:7.2.7.Final]
	at org.hibernate.tool.schema.internal.AbstractSchemaMigrator.createTable(AbstractSchemaMigrator.java:305) ~[hibernate-core-7.2.7.Final.jar:7.2.7.Final]
	at org.hibernate.tool.schema.internal.GroupedSchemaMigratorImpl.performTablesMigration(GroupedSchemaMigratorImpl.java:80) ~[hibernate-core-7.2.7.Final.jar:7.2.7.Final]
	at org.hibernate.tool.schema.internal.AbstractSchemaMigrator.performMigration(AbstractSchemaMigrator.java:220) ~[hibernate-core-7.2.7.Final.jar:7.2.7.Final]
	at org.hibernate.tool.schema.internal.AbstractSchemaMigrator.doMigration(AbstractSchemaMigrator.java:96) ~[hibernate-core-7.2.7.Final.jar:7.2.7.Final]
	at org.hibernate.tool.schema.spi.SchemaManagementToolCoordinator.performDatabaseAction(SchemaManagementToolCoordinator.java:269) ~[hibernate-core-7.2.7.Final.jar:7.2.7.Final]
	at org.hibernate.tool.schema.spi.SchemaManagementToolCoordinator.lambda$process$1(SchemaManagementToolCoordinator.java:101) ~[hibernate-core-7.2.7.Final.jar:7.2.7.Final]
	at java.base/java.util.HashMap.forEach(HashMap.java:1421) ~[na:na]
	at org.hibernate.tool.schema.spi.SchemaManagementToolCoordinator.process(SchemaManagementToolCoordinator.java:100) ~[hibernate-core-7.2.7.Final.jar:7.2.7.Final]
	at org.hibernate.boot.internal.SessionFactoryObserverForSchemaExport.sessionFactoryCreated(SessionFactoryObserverForSchemaExport.java:35) ~[hibernate-core-7.2.7.Final.jar:7.2.7.Final]
	at org.hibernate.internal.SessionFactoryObserverChain.sessionFactoryCreated(SessionFactoryObserverChain.java:33) ~[hibernate-core-7.2.7.Final.jar:7.2.7.Final]
	at org.hibernate.internal.SessionFactoryImpl.<init>(SessionFactoryImpl.java:323) ~[hibernate-core-7.2.7.Final.jar:7.2.7.Final]
	at org.hibernate.internal.SessionFactoryRegistry.instantiateSessionFactory(SessionFactoryRegistry.java:64) ~[hibernate-core-7.2.7.Final.jar:7.2.7.Final]
	at org.hibernate.boot.internal.SessionFactoryBuilderImpl.build(SessionFactoryBuilderImpl.java:437) ~[hibernate-core-7.2.7.Final.jar:7.2.7.Final]
	at org.hibernate.jpa.boot.internal.EntityManagerFactoryBuilderImpl.build(EntityManagerFactoryBuilderImpl.java:1456) ~[hibernate-core-7.2.7.Final.jar:7.2.7.Final]
	at org.springframework.orm.jpa.vendor.SpringHibernateJpaPersistenceProvider.createContainerEntityManagerFactory(SpringHibernateJpaPersistenceProvider.java:93) ~[spring-orm-7.0.6.jar:7.0.6]
	at org.springframework.orm.jpa.LocalContainerEntityManagerFactoryBean.createNativeEntityManagerFactory(LocalContainerEntityManagerFactoryBean.java:443) ~[spring-orm-7.0.6.jar:7.0.6]
	at org.springframework.orm.jpa.AbstractEntityManagerFactoryBean.buildNativeEntityManagerFactory(AbstractEntityManagerFactoryBean.java:436) ~[spring-orm-7.0.6.jar:7.0.6]
	at org.springframework.orm.jpa.AbstractEntityManagerFactoryBean.afterPropertiesSet(AbstractEntityManagerFactoryBean.java:411) ~[spring-orm-7.0.6.jar:7.0.6]
	at org.springframework.orm.jpa.LocalContainerEntityManagerFactoryBean.afterPropertiesSet(LocalContainerEntityManagerFactoryBean.java:419) ~[spring-orm-7.0.6.jar:7.0.6]
	at org.springframework.beans.factory.support.AbstractAutowireCapableBeanFactory.invokeInitMethods(AbstractAutowireCapableBeanFactory.java:1864) ~[spring-beans-7.0.6.jar:7.0.6]
	at org.springframework.beans.factory.support.AbstractAutowireCapableBeanFactory.initializeBean(AbstractAutowireCapableBeanFactory.java:1813) ~[spring-beans-7.0.6.jar:7.0.6]
	at org.springframework.beans.factory.support.AbstractAutowireCapableBeanFactory.doCreateBean(AbstractAutowireCapableBeanFactory.java:603) ~[spring-beans-7.0.6.jar:7.0.6]
	at org.springframework.beans.factory.support.AbstractAutowireCapableBeanFactory.createBean(AbstractAutowireCapableBeanFactory.java:525) ~[spring-beans-7.0.6.jar:7.0.6]
	at org.springframework.beans.factory.support.AbstractBeanFactory.lambda$doGetBean$0(AbstractBeanFactory.java:333) ~[spring-beans-7.0.6.jar:7.0.6]
	at org.springframework.beans.factory.support.DefaultSingletonBeanRegistry.getSingleton(DefaultSingletonBeanRegistry.java:371) ~[spring-beans-7.0.6.jar:7.0.6]
	at org.springframework.beans.factory.support.AbstractBeanFactory.doGetBean(AbstractBeanFactory.java:331) ~[spring-beans-7.0.6.jar:7.0.6]
	at org.springframework.beans.factory.support.AbstractBeanFactory.getBean(AbstractBeanFactory.java:201) ~[spring-beans-7.0.6.jar:7.0.6]
	at org.springframework.context.support.AbstractApplicationContext.finishBeanFactoryInitialization(AbstractApplicationContext.java:977) ~[spring-context-7.0.6.jar:7.0.6]
	at org.springframework.context.support.AbstractApplicationContext.refresh(AbstractApplicationContext.java:621) ~[spring-context-7.0.6.jar:7.0.6]
	at org.springframework.boot.SpringApplication.refresh(SpringApplication.java:756) ~[spring-boot-4.0.4.jar:4.0.4]
	at org.springframework.boot.SpringApplication.refreshContext(SpringApplication.java:445) ~[spring-boot-4.0.4.jar:4.0.4]
	at org.springframework.boot.SpringApplication.run(SpringApplication.java:321) ~[spring-boot-4.0.4.jar:4.0.4]
	at org.springframework.boot.test.context.SpringBootContextLoader.lambda$loadContext$2(SpringBootContextLoader.java:155) ~[spring-boot-test-4.0.4.jar:4.0.4]
	at org.springframework.util.function.ThrowingSupplier.get(ThrowingSupplier.java:58) ~[spring-core-7.0.6.jar:7.0.6]
	at org.springframework.util.function.ThrowingSupplier.get(ThrowingSupplier.java:46) ~[spring-core-7.0.6.jar:7.0.6]
	at org.springframework.boot.SpringApplication.withHook(SpringApplication.java:1465) ~[spring-boot-4.0.4.jar:4.0.4]
	at org.springframework.boot.test.context.SpringBootContextLoader$ContextLoaderHook.run(SpringBootContextLoader.java:600) ~[spring-boot-test-4.0.4.jar:4.0.4]
	at org.springframework.boot.test.context.SpringBootContextLoader.loadContext(SpringBootContextLoader.java:155) ~[spring-boot-test-4.0.4.jar:4.0.4]
	at org.springframework.boot.test.context.SpringBootContextLoader.loadContext(SpringBootContextLoader.java:114) ~[spring-boot-test-4.0.4.jar:4.0.4]
	at org.springframework.test.context.cache.DefaultCacheAwareContextLoaderDelegate.loadContextInternal(DefaultCacheAwareContextLoaderDelegate.java:247) ~[spring-test-7.0.6.jar:7.0.6]
	at org.springframework.test.context.cache.DefaultCacheAwareContextLoaderDelegate.lambda$loadContext$0(DefaultCacheAwareContextLoaderDelegate.java:167) ~[spring-test-7.0.6.jar:7.0.6]
	at org.springframework.test.context.cache.DefaultContextCache.put(DefaultContextCache.java:214) ~[spring-test-7.0.6.jar:7.0.6]
	at org.springframework.test.context.cache.DefaultCacheAwareContextLoaderDelegate.loadContext(DefaultCacheAwareContextLoaderDelegate.java:160) ~[spring-test-7.0.6.jar:7.0.6]
	at org.springframework.test.context.support.DefaultTestContext.getApplicationContext(DefaultTestContext.java:128) ~[spring-test-7.0.6.jar:7.0.6]
	at org.springframework.test.context.web.ServletTestExecutionListener.setUpRequestContextIfNecessary(ServletTestExecutionListener.java:200) ~[spring-test-7.0.6.jar:7.0.6]
	at org.springframework.test.context.web.ServletTestExecutionListener.prepareTestInstance(ServletTestExecutionListener.java:139) ~[spring-test-7.0.6.jar:7.0.6]
	at org.springframework.test.context.TestContextManager.prepareTestInstance(TestContextManager.java:260) ~[spring-test-7.0.6.jar:7.0.6]
	at org.springframework.test.context.junit.jupiter.SpringExtension.postProcessTestInstance(SpringExtension.java:210) ~[spring-test-7.0.6.jar:7.0.6]
	at org.junit.jupiter.engine.descriptor.ClassBasedTestDescriptor.lambda$invokeTestInstancePostProcessors$1(ClassBasedTestDescriptor.java:423) ~[junit-jupiter-engine-6.0.3.jar:6.0.3]
	at org.junit.jupiter.engine.descriptor.ClassBasedTestDescriptor.executeAndMaskThrowable(ClassBasedTestDescriptor.java:428) ~[junit-jupiter-engine-6.0.3.jar:6.0.3]
	at org.junit.jupiter.engine.descriptor.ClassBasedTestDescriptor.lambda$invokeTestInstancePostProcessors$0(ClassBasedTestDescriptor.java:422) ~[junit-jupiter-engine-6.0.3.jar:6.0.3]
	at java.base/java.util.stream.ForEachOps$ForEachOp$OfRef.accept(ForEachOps.java:183) ~[na:na]
	at java.base/java.util.stream.ReferencePipeline$3$1.accept(ReferencePipeline.java:197) ~[na:na]
	at java.base/java.util.stream.ReferencePipeline$2$1.accept(ReferencePipeline.java:179) ~[na:na]
	at java.base/java.util.stream.ReferencePipeline$3$1.accept(ReferencePipeline.java:197) ~[na:na]
	at java.base/java.util.ArrayList$ArrayListSpliterator.forEachRemaining(ArrayList.java:1625) ~[na:na]
	at java.base/java.util.stream.AbstractPipeline.copyInto(AbstractPipeline.java:509) ~[na:na]
	at java.base/java.util.stream.AbstractPipeline.wrapAndCopyInto(AbstractPipeline.java:499) ~[na:na]
	at java.base/java.util.stream.ForEachOps$ForEachOp.evaluateSequential(ForEachOps.java:150) ~[na:na]
	at java.base/java.util.stream.ForEachOps$ForEachOp$OfRef.evaluateSequential(ForEachOps.java:173) ~[na:na]
	at java.base/java.util.stream.AbstractPipeline.evaluate(AbstractPipeline.java:234) ~[na:na]
	at java.base/java.util.stream.ReferencePipeline.forEach(ReferencePipeline.java:596) ~[na:na]
	at org.junit.jupiter.engine.descriptor.ClassBasedTestDescriptor.invokeTestInstancePostProcessors(ClassBasedTestDescriptor.java:422) ~[junit-jupiter-engine-6.0.3.jar:6.0.3]
	at org.junit.jupiter.engine.descriptor.ClassBasedTestDescriptor.lambda$instantiateAndPostProcessTestInstance$0(ClassBasedTestDescriptor.java:334) ~[junit-jupiter-engine-6.0.3.jar:6.0.3]
	at org.junit.platform.engine.support.hierarchical.ThrowableCollector.execute(ThrowableCollector.java:74) ~[junit-platform-engine-6.0.3.jar:6.0.3]
	at org.junit.jupiter.engine.descriptor.ClassBasedTestDescriptor.instantiateAndPostProcessTestInstance(ClassBasedTestDescriptor.java:333) ~[junit-jupiter-engine-6.0.3.jar:6.0.3]
	at org.junit.jupiter.engine.descriptor.ClassBasedTestDescriptor.lambda$testInstancesProvider$1(ClassBasedTestDescriptor.java:322) ~[junit-jupiter-engine-6.0.3.jar:6.0.3]
	at java.base/java.util.Optional.orElseGet(Optional.java:364) ~[na:na]
	at org.junit.jupiter.engine.descriptor.ClassBasedTestDescriptor.lambda$testInstancesProvider$0(ClassBasedTestDescriptor.java:321) ~[junit-jupiter-engine-6.0.3.jar:6.0.3]
	at org.junit.jupiter.engine.execution.TestInstancesProvider.getTestInstances(TestInstancesProvider.java:27) ~[junit-jupiter-engine-6.0.3.jar:6.0.3]
	at org.junit.jupiter.engine.descriptor.TestMethodTestDescriptor.lambda$prepare$0(TestMethodTestDescriptor.java:127) ~[junit-jupiter-engine-6.0.3.jar:6.0.3]
	at org.junit.platform.engine.support.hierarchical.ThrowableCollector.execute(ThrowableCollector.java:74) ~[junit-platform-engine-6.0.3.jar:6.0.3]
	at org.junit.jupiter.engine.descriptor.TestMethodTestDescriptor.prepare(TestMethodTestDescriptor.java:126) ~[junit-jupiter-engine-6.0.3.jar:6.0.3]
	at org.junit.jupiter.engine.descriptor.TestMethodTestDescriptor.prepare(TestMethodTestDescriptor.java:70) ~[junit-jupiter-engine-6.0.3.jar:6.0.3]
	at org.junit.platform.engine.support.hierarchical.NodeTestTask.lambda$prepare$0(NodeTestTask.java:144) ~[junit-platform-engine-6.0.3.jar:6.0.3]
	at org.junit.platform.engine.support.hierarchical.ThrowableCollector.execute(ThrowableCollector.java:74) ~[junit-platform-engine-6.0.3.jar:6.0.3]
	at org.junit.platform.engine.support.hierarchical.NodeTestTask.prepare(NodeTestTask.java:144) ~[junit-platform-engine-6.0.3.jar:6.0.3]
	at org.junit.platform.engine.support.hierarchical.NodeTestTask.execute(NodeTestTask.java:110) ~[junit-platform-engine-6.0.3.jar:6.0.3]
	at java.base/java.util.ArrayList.forEach(ArrayList.java:1511) ~[na:na]
	at org.junit.platform.engine.support.hierarchical.SameThreadHierarchicalTestExecutorService.invokeAll(SameThreadHierarchicalTestExecutorService.java:42) ~[junit-platform-engine-6.0.3.jar:6.0.3]
	at org.junit.platform.engine.support.hierarchical.NodeTestTask.lambda$executeRecursively$2(NodeTestTask.java:180) ~[junit-platform-engine-6.0.3.jar:6.0.3]
	at org.junit.platform.engine.support.hierarchical.ThrowableCollector.execute(ThrowableCollector.java:74) ~[junit-platform-engine-6.0.3.jar:6.0.3]
	at org.junit.platform.engine.support.hierarchical.NodeTestTask.lambda$executeRecursively$1(NodeTestTask.java:166) ~[junit-platform-engine-6.0.3.jar:6.0.3]
	at org.junit.platform.engine.support.hierarchical.Node.around(Node.java:138) ~[junit-platform-engine-6.0.3.jar:6.0.3]
	at org.junit.platform.engine.support.hierarchical.NodeTestTask.lambda$executeRecursively$0(NodeTestTask.java:164) ~[junit-platform-engine-6.0.3.jar:6.0.3]
	at org.junit.platform.engine.support.hierarchical.ThrowableCollector.execute(ThrowableCollector.java:74) ~[junit-platform-engine-6.0.3.jar:6.0.3]
	at org.junit.platform.engine.support.hierarchical.NodeTestTask.executeRecursively(NodeTestTask.java:163) ~[junit-platform-engine-6.0.3.jar:6.0.3]
	at org.junit.platform.engine.support.hierarchical.NodeTestTask.execute(NodeTestTask.java:116) ~[junit-platform-engine-6.0.3.jar:6.0.3]
	at java.base/java.util.ArrayList.forEach(ArrayList.java:1511) ~[na:na]
	at org.junit.platform.engine.support.hierarchical.SameThreadHierarchicalTestExecutorService.invokeAll(SameThreadHierarchicalTestExecutorService.java:42) ~[junit-platform-engine-6.0.3.jar:6.0.3]
	at org.junit.platform.engine.support.hierarchical.NodeTestTask.lambda$executeRecursively$2(NodeTestTask.java:180) ~[junit-platform-engine-6.0.3.jar:6.0.3]
	at org.junit.platform.engine.support.hierarchical.ThrowableCollector.execute(ThrowableCollector.java:74) ~[junit-platform-engine-6.0.3.jar:6.0.3]
	at org.junit.platform.engine.support.hierarchical.NodeTestTask.lambda$executeRecursively$1(NodeTestTask.java:166) ~[junit-platform-engine-6.0.3.jar:6.0.3]
	at org.junit.platform.engine.support.hierarchical.Node.around(Node.java:138) ~[junit-platform-engine-6.0.3.jar:6.0.3]
	at org.junit.platform.engine.support.hierarchical.NodeTestTask.lambda$executeRecursively$0(NodeTestTask.java:164) ~[junit-platform-engine-6.0.3.jar:6.0.3]
	at org.junit.platform.engine.support.hierarchical.ThrowableCollector.execute(ThrowableCollector.java:74) ~[junit-platform-engine-6.0.3.jar:6.0.3]
	at org.junit.platform.engine.support.hierarchical.NodeTestTask.executeRecursively(NodeTestTask.java:163) ~[junit-platform-engine-6.0.3.jar:6.0.3]
	at org.junit.platform.engine.support.hierarchical.NodeTestTask.execute(NodeTestTask.java:116) ~[junit-platform-engine-6.0.3.jar:6.0.3]
	at org.junit.platform.engine.support.hierarchical.SameThreadHierarchicalTestExecutorService.submit(SameThreadHierarchicalTestExecutorService.java:36) ~[junit-platform-engine-6.0.3.jar:6.0.3]
	at org.junit.platform.engine.support.hierarchical.HierarchicalTestExecutor.execute(HierarchicalTestExecutor.java:52) ~[junit-platform-engine-6.0.3.jar:6.0.3]
	at org.junit.platform.engine.support.hierarchical.HierarchicalTestEngine.execute(HierarchicalTestEngine.java:58) ~[junit-platform-engine-6.0.3.jar:6.0.3]
	at org.junit.platform.launcher.core.EngineExecutionOrchestrator.executeEngine(EngineExecutionOrchestrator.java:246) ~[junit-platform-launcher-6.0.3.jar:6.0.3]
	at org.junit.platform.launcher.core.EngineExecutionOrchestrator.failOrExecuteEngine(EngineExecutionOrchestrator.java:218) ~[junit-platform-launcher-6.0.3.jar:6.0.3]
	at org.junit.platform.launcher.core.EngineExecutionOrchestrator.execute(EngineExecutionOrchestrator.java:179) ~[junit-platform-launcher-6.0.3.jar:6.0.3]
	at org.junit.platform.launcher.core.EngineExecutionOrchestrator.execute(EngineExecutionOrchestrator.java:108) ~[junit-platform-launcher-6.0.3.jar:6.0.3]
	at org.junit.platform.launcher.core.EngineExecutionOrchestrator.lambda$execute$0(EngineExecutionOrchestrator.java:66) ~[junit-platform-launcher-6.0.3.jar:6.0.3]
	at org.junit.platform.launcher.core.EngineExecutionOrchestrator.withInterceptedStreams(EngineExecutionOrchestrator.java:157) ~[junit-platform-launcher-6.0.3.jar:6.0.3]
	at org.junit.platform.launcher.core.EngineExecutionOrchestrator.execute(EngineExecutionOrchestrator.java:65) ~[junit-platform-launcher-6.0.3.jar:6.0.3]
	at org.junit.platform.launcher.core.DefaultLauncher.execute(DefaultLauncher.java:125) ~[junit-platform-launcher-6.0.3.jar:6.0.3]
	at org.junit.platform.launcher.core.DefaultLauncher.execute(DefaultLauncher.java:114) ~[junit-platform-launcher-6.0.3.jar:6.0.3]
	at org.junit.platform.launcher.core.DefaultLauncher.execute(DefaultLauncher.java:93) ~[junit-platform-launcher-6.0.3.jar:6.0.3]
	at org.junit.platform.launcher.core.DelegatingLauncher.execute(DelegatingLauncher.java:48) ~[junit-platform-launcher-6.0.3.jar:6.0.3]
	at org.junit.platform.launcher.core.InterceptingLauncher.lambda$execute$0(InterceptingLauncher.java:41) ~[junit-platform-launcher-6.0.3.jar:6.0.3]
	at org.junit.platform.launcher.core.ClasspathAlignmentCheckingLauncherInterceptor.intercept(ClasspathAlignmentCheckingLauncherInterceptor.java:25) ~[junit-platform-launcher-6.0.3.jar:6.0.3]
	at org.junit.platform.launcher.core.InterceptingLauncher.execute(InterceptingLauncher.java:40) ~[junit-platform-launcher-6.0.3.jar:6.0.3]
	at org.junit.platform.launcher.core.DelegatingLauncher.execute(DelegatingLauncher.java:48) ~[junit-platform-launcher-6.0.3.jar:6.0.3]
	at org.gradle.api.internal.tasks.testing.junitplatform.JUnitPlatformTestDefinitionProcessor$CollectThenExecuteTestDefinitionConsumer.processAllTestDefinitions(JUnitPlatformTestDefinitionProcessor.java:179) ~[na:na]
	at org.gradle.api.internal.tasks.testing.junitplatform.JUnitPlatformTestDefinitionProcessor$CollectThenExecuteTestDefinitionConsumer.access$000(JUnitPlatformTestDefinitionProcessor.java:122) ~[na:na]
	at org.gradle.api.internal.tasks.testing.junitplatform.JUnitPlatformTestDefinitionProcessor.stop(JUnitPlatformTestDefinitionProcessor.java:116) ~[na:na]
	at org.gradle.api.internal.tasks.testing.SuiteTestDefinitionProcessor.stop(SuiteTestDefinitionProcessor.java:63) ~[na:na]
	at java.base/jdk.internal.reflect.NativeMethodAccessorImpl.invoke0(Native Method) ~[na:na]
	at java.base/jdk.internal.reflect.NativeMethodAccessorImpl.invoke(NativeMethodAccessorImpl.java:77) ~[na:na]
	at java.base/jdk.internal.reflect.DelegatingMethodAccessorImpl.invoke(DelegatingMethodAccessorImpl.java:43) ~[na:na]
	at java.base/java.lang.reflect.Method.invoke(Method.java:569) ~[na:na]
	at org.gradle.internal.dispatch.MethodInvocation.invokeOn(MethodInvocation.java:77) ~[na:na]
	at org.gradle.internal.dispatch.ReflectionDispatch.dispatch(ReflectionDispatch.java:28) ~[na:na]
	at org.gradle.internal.dispatch.ReflectionDispatch.dispatch(ReflectionDispatch.java:19) ~[na:na]
	at org.gradle.internal.dispatch.ContextClassLoaderDispatch.dispatch(ContextClassLoaderDispatch.java:33) ~[na:na]
	at org.gradle.internal.dispatch.ProxyDispatchAdapter$DispatchingInvocationHandler.invoke(ProxyDispatchAdapter.java:88) ~[na:na]
	at jdk.proxy1/jdk.proxy1.$Proxy4.stop(Unknown Source) ~[na:na]
	at org.gradle.api.internal.tasks.testing.worker.TestWorker$3.run(TestWorker.java:195) ~[na:na]
	at org.gradle.api.internal.tasks.testing.worker.TestWorker.executeAndMaintainThreadName(TestWorker.java:126) ~[na:na]
	at org.gradle.api.internal.tasks.testing.worker.TestWorker.execute(TestWorker.java:103) ~[na:na]
	at org.gradle.api.internal.tasks.testing.worker.TestWorker.execute(TestWorker.java:63) ~[na:na]
	at org.gradle.process.internal.worker.child.ActionExecutionWorker.execute(ActionExecutionWorker.java:56) ~[na:na]
	at org.gradle.process.internal.worker.child.SystemApplicationClassLoaderWorker.call(SystemApplicationClassLoaderWorker.java:122) ~[na:na]
	at org.gradle.process.internal.worker.child.SystemApplicationClassLoaderWorker.call(SystemApplicationClassLoaderWorker.java:72) ~[na:na]
	at worker.org.gradle.process.internal.worker.GradleWorkerMain.run(GradleWorkerMain.java:69) ~[gradle-worker.jar:na]
	at worker.org.gradle.process.internal.worker.GradleWorkerMain.main(GradleWorkerMain.java:74) ~[gradle-worker.jar:na]
Caused by: java.sql.SQLSyntaxErrorException: You have an error in your SQL syntax; check the manual that corresponds to your MySQL server version for the right syntax to use near 'CLOB,
        created_at datetime(6),
        github_url varchar(500),
      ' at line 3
	at com.mysql.cj.jdbc.exceptions.SQLError.createSQLException(SQLError.java:112) ~[mysql-connector-j-9.6.0.jar:9.6.0]
	at com.mysql.cj.jdbc.exceptions.SQLExceptionsMapping.translateException(SQLExceptionsMapping.java:114) ~[mysql-connector-j-9.6.0.jar:9.6.0]
	at com.mysql.cj.jdbc.StatementImpl.executeInternal(StatementImpl.java:839) ~[mysql-connector-j-9.6.0.jar:9.6.0]
	at com.mysql.cj.jdbc.StatementImpl.execute(StatementImpl.java:687) ~[mysql-connector-j-9.6.0.jar:9.6.0]
	at com.zaxxer.hikari.pool.ProxyStatement.execute(ProxyStatement.java:95) ~[HikariCP-7.0.2.jar:na]
	at com.zaxxer.hikari.pool.HikariProxyStatement.execute(HikariProxyStatement.java) ~[HikariCP-7.0.2.jar:na]
	at org.hibernate.tool.schema.internal.exec.GenerationTargetToDatabase.accept(GenerationTargetToDatabase.java:76) ~[hibernate-core-7.2.7.Final.jar:7.2.7.Final]
	... 141 common frames omitted

Hibernate: 
    alter table project_application 
       modify column status enum ('ACCEPTED','APPLIED','COMPLETED','CONTRACTED','IN_PROGRESS','REJECTED','WITHDRAWN') not null
Hibernate: 
    alter table partner_portfolios 
       drop index uk_partner_portfolio_user_source
Hibernate: 
    alter table partner_portfolios 
       add constraint uk_partner_portfolio_user_source unique (user_id, source_key)
Hibernate: 
    alter table partner_portfolios 
       add constraint FKst77in23w29msvv1be39xgnba 
       foreign key (source_project_id) 
       references projects (id)
2026-04-20T17:56:07.292+09:00  WARN 35280 --- [devbridge] [    Test worker] o.h.t.s.i.ExceptionHandlerLoggedImpl     : GenerationTarget encountered exception accepting command : Error executing DDL "
    alter table partner_portfolios 
       add constraint FKst77in23w29msvv1be39xgnba 
       foreign key (source_project_id) 
       references projects (id)" via JDBC [Table 'devbridge_db.partner_portfolios' doesn't exist]

org.hibernate.tool.schema.spi.CommandAcceptanceException: Error executing DDL "
    alter table partner_portfolios 
       add constraint FKst77in23w29msvv1be39xgnba 
       foreign key (source_project_id) 
       references projects (id)" via JDBC [Table 'devbridge_db.partner_portfolios' doesn't exist]
	at org.hibernate.tool.schema.internal.exec.GenerationTargetToDatabase.accept(GenerationTargetToDatabase.java:81) ~[hibernate-core-7.2.7.Final.jar:7.2.7.Final]
	at org.hibernate.tool.schema.internal.AbstractSchemaMigrator.applySqlString(AbstractSchemaMigrator.java:566) ~[hibernate-core-7.2.7.Final.jar:7.2.7.Final]
	at org.hibernate.tool.schema.internal.AbstractSchemaMigrator.applySqlStrings(AbstractSchemaMigrator.java:506) ~[hibernate-core-7.2.7.Final.jar:7.2.7.Final]
	at org.hibernate.tool.schema.internal.AbstractSchemaMigrator.applyForeignKeys(AbstractSchemaMigrator.java:438) ~[hibernate-core-7.2.7.Final.jar:7.2.7.Final]
	at org.hibernate.tool.schema.internal.AbstractSchemaMigrator.performMigration(AbstractSchemaMigrator.java:256) ~[hibernate-core-7.2.7.Final.jar:7.2.7.Final]
	at org.hibernate.tool.schema.internal.AbstractSchemaMigrator.doMigration(AbstractSchemaMigrator.java:96) ~[hibernate-core-7.2.7.Final.jar:7.2.7.Final]
	at org.hibernate.tool.schema.spi.SchemaManagementToolCoordinator.performDatabaseAction(SchemaManagementToolCoordinator.java:269) ~[hibernate-core-7.2.7.Final.jar:7.2.7.Final]
	at org.hibernate.tool.schema.spi.SchemaManagementToolCoordinator.lambda$process$1(SchemaManagementToolCoordinator.java:101) ~[hibernate-core-7.2.7.Final.jar:7.2.7.Final]
	at java.base/java.util.HashMap.forEach(HashMap.java:1421) ~[na:na]
	at org.hibernate.tool.schema.spi.SchemaManagementToolCoordinator.process(SchemaManagementToolCoordinator.java:100) ~[hibernate-core-7.2.7.Final.jar:7.2.7.Final]
	at org.hibernate.boot.internal.SessionFactoryObserverForSchemaExport.sessionFactoryCreated(SessionFactoryObserverForSchemaExport.java:35) ~[hibernate-core-7.2.7.Final.jar:7.2.7.Final]
	at org.hibernate.internal.SessionFactoryObserverChain.sessionFactoryCreated(SessionFactoryObserverChain.java:33) ~[hibernate-core-7.2.7.Final.jar:7.2.7.Final]
	at org.hibernate.internal.SessionFactoryImpl.<init>(SessionFactoryImpl.java:323) ~[hibernate-core-7.2.7.Final.jar:7.2.7.Final]
	at org.hibernate.internal.SessionFactoryRegistry.instantiateSessionFactory(SessionFactoryRegistry.java:64) ~[hibernate-core-7.2.7.Final.jar:7.2.7.Final]
	at org.hibernate.boot.internal.SessionFactoryBuilderImpl.build(SessionFactoryBuilderImpl.java:437) ~[hibernate-core-7.2.7.Final.jar:7.2.7.Final]
	at org.hibernate.jpa.boot.internal.EntityManagerFactoryBuilderImpl.build(EntityManagerFactoryBuilderImpl.java:1456) ~[hibernate-core-7.2.7.Final.jar:7.2.7.Final]
	at org.springframework.orm.jpa.vendor.SpringHibernateJpaPersistenceProvider.createContainerEntityManagerFactory(SpringHibernateJpaPersistenceProvider.java:93) ~[spring-orm-7.0.6.jar:7.0.6]
	at org.springframework.orm.jpa.LocalContainerEntityManagerFactoryBean.createNativeEntityManagerFactory(LocalContainerEntityManagerFactoryBean.java:443) ~[spring-orm-7.0.6.jar:7.0.6]
	at org.springframework.orm.jpa.AbstractEntityManagerFactoryBean.buildNativeEntityManagerFactory(AbstractEntityManagerFactoryBean.java:436) ~[spring-orm-7.0.6.jar:7.0.6]
	at org.springframework.orm.jpa.AbstractEntityManagerFactoryBean.afterPropertiesSet(AbstractEntityManagerFactoryBean.java:411) ~[spring-orm-7.0.6.jar:7.0.6]
	at org.springframework.orm.jpa.LocalContainerEntityManagerFactoryBean.afterPropertiesSet(LocalContainerEntityManagerFactoryBean.java:419) ~[spring-orm-7.0.6.jar:7.0.6]
	at org.springframework.beans.factory.support.AbstractAutowireCapableBeanFactory.invokeInitMethods(AbstractAutowireCapableBeanFactory.java:1864) ~[spring-beans-7.0.6.jar:7.0.6]
	at org.springframework.beans.factory.support.AbstractAutowireCapableBeanFactory.initializeBean(AbstractAutowireCapableBeanFactory.java:1813) ~[spring-beans-7.0.6.jar:7.0.6]
	at org.springframework.beans.factory.support.AbstractAutowireCapableBeanFactory.doCreateBean(AbstractAutowireCapableBeanFactory.java:603) ~[spring-beans-7.0.6.jar:7.0.6]
	at org.springframework.beans.factory.support.AbstractAutowireCapableBeanFactory.createBean(AbstractAutowireCapableBeanFactory.java:525) ~[spring-beans-7.0.6.jar:7.0.6]
	at org.springframework.beans.factory.support.AbstractBeanFactory.lambda$doGetBean$0(AbstractBeanFactory.java:333) ~[spring-beans-7.0.6.jar:7.0.6]
	at org.springframework.beans.factory.support.DefaultSingletonBeanRegistry.getSingleton(DefaultSingletonBeanRegistry.java:371) ~[spring-beans-7.0.6.jar:7.0.6]
	at org.springframework.beans.factory.support.AbstractBeanFactory.doGetBean(AbstractBeanFactory.java:331) ~[spring-beans-7.0.6.jar:7.0.6]
	at org.springframework.beans.factory.support.AbstractBeanFactory.getBean(AbstractBeanFactory.java:201) ~[spring-beans-7.0.6.jar:7.0.6]
	at org.springframework.context.support.AbstractApplicationContext.finishBeanFactoryInitialization(AbstractApplicationContext.java:977) ~[spring-context-7.0.6.jar:7.0.6]
	at org.springframework.context.support.AbstractApplicationContext.refresh(AbstractApplicationContext.java:621) ~[spring-context-7.0.6.jar:7.0.6]
	at org.springframework.boot.SpringApplication.refresh(SpringApplication.java:756) ~[spring-boot-4.0.4.jar:4.0.4]
	at org.springframework.boot.SpringApplication.refreshContext(SpringApplication.java:445) ~[spring-boot-4.0.4.jar:4.0.4]
	at org.springframework.boot.SpringApplication.run(SpringApplication.java:321) ~[spring-boot-4.0.4.jar:4.0.4]
	at org.springframework.boot.test.context.SpringBootContextLoader.lambda$loadContext$2(SpringBootContextLoader.java:155) ~[spring-boot-test-4.0.4.jar:4.0.4]
	at org.springframework.util.function.ThrowingSupplier.get(ThrowingSupplier.java:58) ~[spring-core-7.0.6.jar:7.0.6]
	at org.springframework.util.function.ThrowingSupplier.get(ThrowingSupplier.java:46) ~[spring-core-7.0.6.jar:7.0.6]
	at org.springframework.boot.SpringApplication.withHook(SpringApplication.java:1465) ~[spring-boot-4.0.4.jar:4.0.4]
	at org.springframework.boot.test.context.SpringBootContextLoader$ContextLoaderHook.run(SpringBootContextLoader.java:600) ~[spring-boot-test-4.0.4.jar:4.0.4]
	at org.springframework.boot.test.context.SpringBootContextLoader.loadContext(SpringBootContextLoader.java:155) ~[spring-boot-test-4.0.4.jar:4.0.4]
	at org.springframework.boot.test.context.SpringBootContextLoader.loadContext(SpringBootContextLoader.java:114) ~[spring-boot-test-4.0.4.jar:4.0.4]
	at org.springframework.test.context.cache.DefaultCacheAwareContextLoaderDelegate.loadContextInternal(DefaultCacheAwareContextLoaderDelegate.java:247) ~[spring-test-7.0.6.jar:7.0.6]
	at org.springframework.test.context.cache.DefaultCacheAwareContextLoaderDelegate.lambda$loadContext$0(DefaultCacheAwareContextLoaderDelegate.java:167) ~[spring-test-7.0.6.jar:7.0.6]
	at org.springframework.test.context.cache.DefaultContextCache.put(DefaultContextCache.java:214) ~[spring-test-7.0.6.jar:7.0.6]
	at org.springframework.test.context.cache.DefaultCacheAwareContextLoaderDelegate.loadContext(DefaultCacheAwareContextLoaderDelegate.java:160) ~[spring-test-7.0.6.jar:7.0.6]
	at org.springframework.test.context.support.DefaultTestContext.getApplicationContext(DefaultTestContext.java:128) ~[spring-test-7.0.6.jar:7.0.6]
	at org.springframework.test.context.web.ServletTestExecutionListener.setUpRequestContextIfNecessary(ServletTestExecutionListener.java:200) ~[spring-test-7.0.6.jar:7.0.6]
	at org.springframework.test.context.web.ServletTestExecutionListener.prepareTestInstance(ServletTestExecutionListener.java:139) ~[spring-test-7.0.6.jar:7.0.6]
	at org.springframework.test.context.TestContextManager.prepareTestInstance(TestContextManager.java:260) ~[spring-test-7.0.6.jar:7.0.6]
	at org.springframework.test.context.junit.jupiter.SpringExtension.postProcessTestInstance(SpringExtension.java:210) ~[spring-test-7.0.6.jar:7.0.6]
	at org.junit.jupiter.engine.descriptor.ClassBasedTestDescriptor.lambda$invokeTestInstancePostProcessors$1(ClassBasedTestDescriptor.java:423) ~[junit-jupiter-engine-6.0.3.jar:6.0.3]
	at org.junit.jupiter.engine.descriptor.ClassBasedTestDescriptor.executeAndMaskThrowable(ClassBasedTestDescriptor.java:428) ~[junit-jupiter-engine-6.0.3.jar:6.0.3]
	at org.junit.jupiter.engine.descriptor.ClassBasedTestDescriptor.lambda$invokeTestInstancePostProcessors$0(ClassBasedTestDescriptor.java:422) ~[junit-jupiter-engine-6.0.3.jar:6.0.3]
	at java.base/java.util.stream.ForEachOps$ForEachOp$OfRef.accept(ForEachOps.java:183) ~[na:na]
	at java.base/java.util.stream.ReferencePipeline$3$1.accept(ReferencePipeline.java:197) ~[na:na]
	at java.base/java.util.stream.ReferencePipeline$2$1.accept(ReferencePipeline.java:179) ~[na:na]
	at java.base/java.util.stream.ReferencePipeline$3$1.accept(ReferencePipeline.java:197) ~[na:na]
	at java.base/java.util.ArrayList$ArrayListSpliterator.forEachRemaining(ArrayList.java:1625) ~[na:na]
	at java.base/java.util.stream.AbstractPipeline.copyInto(AbstractPipeline.java:509) ~[na:na]
	at java.base/java.util.stream.AbstractPipeline.wrapAndCopyInto(AbstractPipeline.java:499) ~[na:na]
	at java.base/java.util.stream.ForEachOps$ForEachOp.evaluateSequential(ForEachOps.java:150) ~[na:na]
	at java.base/java.util.stream.ForEachOps$ForEachOp$OfRef.evaluateSequential(ForEachOps.java:173) ~[na:na]
	at java.base/java.util.stream.AbstractPipeline.evaluate(AbstractPipeline.java:234) ~[na:na]
	at java.base/java.util.stream.ReferencePipeline.forEach(ReferencePipeline.java:596) ~[na:na]
	at org.junit.jupiter.engine.descriptor.ClassBasedTestDescriptor.invokeTestInstancePostProcessors(ClassBasedTestDescriptor.java:422) ~[junit-jupiter-engine-6.0.3.jar:6.0.3]
	at org.junit.jupiter.engine.descriptor.ClassBasedTestDescriptor.lambda$instantiateAndPostProcessTestInstance$0(ClassBasedTestDescriptor.java:334) ~[junit-jupiter-engine-6.0.3.jar:6.0.3]
	at org.junit.platform.engine.support.hierarchical.ThrowableCollector.execute(ThrowableCollector.java:74) ~[junit-platform-engine-6.0.3.jar:6.0.3]
	at org.junit.jupiter.engine.descriptor.ClassBasedTestDescriptor.instantiateAndPostProcessTestInstance(ClassBasedTestDescriptor.java:333) ~[junit-jupiter-engine-6.0.3.jar:6.0.3]
	at org.junit.jupiter.engine.descriptor.ClassBasedTestDescriptor.lambda$testInstancesProvider$1(ClassBasedTestDescriptor.java:322) ~[junit-jupiter-engine-6.0.3.jar:6.0.3]
	at java.base/java.util.Optional.orElseGet(Optional.java:364) ~[na:na]
	at org.junit.jupiter.engine.descriptor.ClassBasedTestDescriptor.lambda$testInstancesProvider$0(ClassBasedTestDescriptor.java:321) ~[junit-jupiter-engine-6.0.3.jar:6.0.3]
	at org.junit.jupiter.engine.execution.TestInstancesProvider.getTestInstances(TestInstancesProvider.java:27) ~[junit-jupiter-engine-6.0.3.jar:6.0.3]
	at org.junit.jupiter.engine.descriptor.TestMethodTestDescriptor.lambda$prepare$0(TestMethodTestDescriptor.java:127) ~[junit-jupiter-engine-6.0.3.jar:6.0.3]
	at org.junit.platform.engine.support.hierarchical.ThrowableCollector.execute(ThrowableCollector.java:74) ~[junit-platform-engine-6.0.3.jar:6.0.3]
	at org.junit.jupiter.engine.descriptor.TestMethodTestDescriptor.prepare(TestMethodTestDescriptor.java:126) ~[junit-jupiter-engine-6.0.3.jar:6.0.3]
	at org.junit.jupiter.engine.descriptor.TestMethodTestDescriptor.prepare(TestMethodTestDescriptor.java:70) ~[junit-jupiter-engine-6.0.3.jar:6.0.3]
	at org.junit.platform.engine.support.hierarchical.NodeTestTask.lambda$prepare$0(NodeTestTask.java:144) ~[junit-platform-engine-6.0.3.jar:6.0.3]
	at org.junit.platform.engine.support.hierarchical.ThrowableCollector.execute(ThrowableCollector.java:74) ~[junit-platform-engine-6.0.3.jar:6.0.3]
	at org.junit.platform.engine.support.hierarchical.NodeTestTask.prepare(NodeTestTask.java:144) ~[junit-platform-engine-6.0.3.jar:6.0.3]
	at org.junit.platform.engine.support.hierarchical.NodeTestTask.execute(NodeTestTask.java:110) ~[junit-platform-engine-6.0.3.jar:6.0.3]
	at java.base/java.util.ArrayList.forEach(ArrayList.java:1511) ~[na:na]
	at org.junit.platform.engine.support.hierarchical.SameThreadHierarchicalTestExecutorService.invokeAll(SameThreadHierarchicalTestExecutorService.java:42) ~[junit-platform-engine-6.0.3.jar:6.0.3]
	at org.junit.platform.engine.support.hierarchical.NodeTestTask.lambda$executeRecursively$2(NodeTestTask.java:180) ~[junit-platform-engine-6.0.3.jar:6.0.3]
	at org.junit.platform.engine.support.hierarchical.ThrowableCollector.execute(ThrowableCollector.java:74) ~[junit-platform-engine-6.0.3.jar:6.0.3]
	at org.junit.platform.engine.support.hierarchical.NodeTestTask.lambda$executeRecursively$1(NodeTestTask.java:166) ~[junit-platform-engine-6.0.3.jar:6.0.3]
	at org.junit.platform.engine.support.hierarchical.Node.around(Node.java:138) ~[junit-platform-engine-6.0.3.jar:6.0.3]
	at org.junit.platform.engine.support.hierarchical.NodeTestTask.lambda$executeRecursively$0(NodeTestTask.java:164) ~[junit-platform-engine-6.0.3.jar:6.0.3]
	at org.junit.platform.engine.support.hierarchical.ThrowableCollector.execute(ThrowableCollector.java:74) ~[junit-platform-engine-6.0.3.jar:6.0.3]
	at org.junit.platform.engine.support.hierarchical.NodeTestTask.executeRecursively(NodeTestTask.java:163) ~[junit-platform-engine-6.0.3.jar:6.0.3]
	at org.junit.platform.engine.support.hierarchical.NodeTestTask.execute(NodeTestTask.java:116) ~[junit-platform-engine-6.0.3.jar:6.0.3]
	at java.base/java.util.ArrayList.forEach(ArrayList.java:1511) ~[na:na]
	at org.junit.platform.engine.support.hierarchical.SameThreadHierarchicalTestExecutorService.invokeAll(SameThreadHierarchicalTestExecutorService.java:42) ~[junit-platform-engine-6.0.3.jar:6.0.3]
	at org.junit.platform.engine.support.hierarchical.NodeTestTask.lambda$executeRecursively$2(NodeTestTask.java:180) ~[junit-platform-engine-6.0.3.jar:6.0.3]
	at org.junit.platform.engine.support.hierarchical.ThrowableCollector.execute(ThrowableCollector.java:74) ~[junit-platform-engine-6.0.3.jar:6.0.3]
	at org.junit.platform.engine.support.hierarchical.NodeTestTask.lambda$executeRecursively$1(NodeTestTask.java:166) ~[junit-platform-engine-6.0.3.jar:6.0.3]
	at org.junit.platform.engine.support.hierarchical.Node.around(Node.java:138) ~[junit-platform-engine-6.0.3.jar:6.0.3]
	at org.junit.platform.engine.support.hierarchical.NodeTestTask.lambda$executeRecursively$0(NodeTestTask.java:164) ~[junit-platform-engine-6.0.3.jar:6.0.3]
	at org.junit.platform.engine.support.hierarchical.ThrowableCollector.execute(ThrowableCollector.java:74) ~[junit-platform-engine-6.0.3.jar:6.0.3]
	at org.junit.platform.engine.support.hierarchical.NodeTestTask.executeRecursively(NodeTestTask.java:163) ~[junit-platform-engine-6.0.3.jar:6.0.3]
	at org.junit.platform.engine.support.hierarchical.NodeTestTask.execute(NodeTestTask.java:116) ~[junit-platform-engine-6.0.3.jar:6.0.3]
	at org.junit.platform.engine.support.hierarchical.SameThreadHierarchicalTestExecutorService.submit(SameThreadHierarchicalTestExecutorService.java:36) ~[junit-platform-engine-6.0.3.jar:6.0.3]
	at org.junit.platform.engine.support.hierarchical.HierarchicalTestExecutor.execute(HierarchicalTestExecutor.java:52) ~[junit-platform-engine-6.0.3.jar:6.0.3]
	at org.junit.platform.engine.support.hierarchical.HierarchicalTestEngine.execute(HierarchicalTestEngine.java:58) ~[junit-platform-engine-6.0.3.jar:6.0.3]
	at org.junit.platform.launcher.core.EngineExecutionOrchestrator.executeEngine(EngineExecutionOrchestrator.java:246) ~[junit-platform-launcher-6.0.3.jar:6.0.3]
	at org.junit.platform.launcher.core.EngineExecutionOrchestrator.failOrExecuteEngine(EngineExecutionOrchestrator.java:218) ~[junit-platform-launcher-6.0.3.jar:6.0.3]
	at org.junit.platform.launcher.core.EngineExecutionOrchestrator.execute(EngineExecutionOrchestrator.java:179) ~[junit-platform-launcher-6.0.3.jar:6.0.3]
	at org.junit.platform.launcher.core.EngineExecutionOrchestrator.execute(EngineExecutionOrchestrator.java:108) ~[junit-platform-launcher-6.0.3.jar:6.0.3]
	at org.junit.platform.launcher.core.EngineExecutionOrchestrator.lambda$execute$0(EngineExecutionOrchestrator.java:66) ~[junit-platform-launcher-6.0.3.jar:6.0.3]
	at org.junit.platform.launcher.core.EngineExecutionOrchestrator.withInterceptedStreams(EngineExecutionOrchestrator.java:157) ~[junit-platform-launcher-6.0.3.jar:6.0.3]
	at org.junit.platform.launcher.core.EngineExecutionOrchestrator.execute(EngineExecutionOrchestrator.java:65) ~[junit-platform-launcher-6.0.3.jar:6.0.3]
	at org.junit.platform.launcher.core.DefaultLauncher.execute(DefaultLauncher.java:125) ~[junit-platform-launcher-6.0.3.jar:6.0.3]
	at org.junit.platform.launcher.core.DefaultLauncher.execute(DefaultLauncher.java:114) ~[junit-platform-launcher-6.0.3.jar:6.0.3]
	at org.junit.platform.launcher.core.DefaultLauncher.execute(DefaultLauncher.java:93) ~[junit-platform-launcher-6.0.3.jar:6.0.3]
	at org.junit.platform.launcher.core.DelegatingLauncher.execute(DelegatingLauncher.java:48) ~[junit-platform-launcher-6.0.3.jar:6.0.3]
	at org.junit.platform.launcher.core.InterceptingLauncher.lambda$execute$0(InterceptingLauncher.java:41) ~[junit-platform-launcher-6.0.3.jar:6.0.3]
	at org.junit.platform.launcher.core.ClasspathAlignmentCheckingLauncherInterceptor.intercept(ClasspathAlignmentCheckingLauncherInterceptor.java:25) ~[junit-platform-launcher-6.0.3.jar:6.0.3]
	at org.junit.platform.launcher.core.InterceptingLauncher.execute(InterceptingLauncher.java:40) ~[junit-platform-launcher-6.0.3.jar:6.0.3]
	at org.junit.platform.launcher.core.DelegatingLauncher.execute(DelegatingLauncher.java:48) ~[junit-platform-launcher-6.0.3.jar:6.0.3]
	at org.gradle.api.internal.tasks.testing.junitplatform.JUnitPlatformTestDefinitionProcessor$CollectThenExecuteTestDefinitionConsumer.processAllTestDefinitions(JUnitPlatformTestDefinitionProcessor.java:179) ~[na:na]
	at org.gradle.api.internal.tasks.testing.junitplatform.JUnitPlatformTestDefinitionProcessor$CollectThenExecuteTestDefinitionConsumer.access$000(JUnitPlatformTestDefinitionProcessor.java:122) ~[na:na]
	at org.gradle.api.internal.tasks.testing.junitplatform.JUnitPlatformTestDefinitionProcessor.stop(JUnitPlatformTestDefinitionProcessor.java:116) ~[na:na]
	at org.gradle.api.internal.tasks.testing.SuiteTestDefinitionProcessor.stop(SuiteTestDefinitionProcessor.java:63) ~[na:na]
	at java.base/jdk.internal.reflect.NativeMethodAccessorImpl.invoke0(Native Method) ~[na:na]
	at java.base/jdk.internal.reflect.NativeMethodAccessorImpl.invoke(NativeMethodAccessorImpl.java:77) ~[na:na]
	at java.base/jdk.internal.reflect.DelegatingMethodAccessorImpl.invoke(DelegatingMethodAccessorImpl.java:43) ~[na:na]
	at java.base/java.lang.reflect.Method.invoke(Method.java:569) ~[na:na]
	at org.gradle.internal.dispatch.MethodInvocation.invokeOn(MethodInvocation.java:77) ~[na:na]
	at org.gradle.internal.dispatch.ReflectionDispatch.dispatch(ReflectionDispatch.java:28) ~[na:na]
	at org.gradle.internal.dispatch.ReflectionDispatch.dispatch(ReflectionDispatch.java:19) ~[na:na]
	at org.gradle.internal.dispatch.ContextClassLoaderDispatch.dispatch(ContextClassLoaderDispatch.java:33) ~[na:na]
	at org.gradle.internal.dispatch.ProxyDispatchAdapter$DispatchingInvocationHandler.invoke(ProxyDispatchAdapter.java:88) ~[na:na]
	at jdk.proxy1/jdk.proxy1.$Proxy4.stop(Unknown Source) ~[na:na]
	at org.gradle.api.internal.tasks.testing.worker.TestWorker$3.run(TestWorker.java:195) ~[na:na]
	at org.gradle.api.internal.tasks.testing.worker.TestWorker.executeAndMaintainThreadName(TestWorker.java:126) ~[na:na]
	at org.gradle.api.internal.tasks.testing.worker.TestWorker.execute(TestWorker.java:103) ~[na:na]
	at org.gradle.api.internal.tasks.testing.worker.TestWorker.execute(TestWorker.java:63) ~[na:na]
	at org.gradle.process.internal.worker.child.ActionExecutionWorker.execute(ActionExecutionWorker.java:56) ~[na:na]
	at org.gradle.process.internal.worker.child.SystemApplicationClassLoaderWorker.call(SystemApplicationClassLoaderWorker.java:122) ~[na:na]
	at org.gradle.process.internal.worker.child.SystemApplicationClassLoaderWorker.call(SystemApplicationClassLoaderWorker.java:72) ~[na:na]
	at worker.org.gradle.process.internal.worker.GradleWorkerMain.run(GradleWorkerMain.java:69) ~[gradle-worker.jar:na]
	at worker.org.gradle.process.internal.worker.GradleWorkerMain.main(GradleWorkerMain.java:74) ~[gradle-worker.jar:na]
Caused by: java.sql.SQLSyntaxErrorException: Table 'devbridge_db.partner_portfolios' doesn't exist
	at com.mysql.cj.jdbc.exceptions.SQLError.createSQLException(SQLError.java:112) ~[mysql-connector-j-9.6.0.jar:9.6.0]
	at com.mysql.cj.jdbc.exceptions.SQLExceptionsMapping.translateException(SQLExceptionsMapping.java:114) ~[mysql-connector-j-9.6.0.jar:9.6.0]
	at com.mysql.cj.jdbc.StatementImpl.executeInternal(StatementImpl.java:839) ~[mysql-connector-j-9.6.0.jar:9.6.0]
	at com.mysql.cj.jdbc.StatementImpl.execute(StatementImpl.java:687) ~[mysql-connector-j-9.6.0.jar:9.6.0]
	at com.zaxxer.hikari.pool.ProxyStatement.execute(ProxyStatement.java:95) ~[HikariCP-7.0.2.jar:na]
	at com.zaxxer.hikari.pool.HikariProxyStatement.execute(HikariProxyStatement.java) ~[HikariCP-7.0.2.jar:na]
	at org.hibernate.tool.schema.internal.exec.GenerationTargetToDatabase.accept(GenerationTargetToDatabase.java:76) ~[hibernate-core-7.2.7.Final.jar:7.2.7.Final]
	... 140 common frames omitted

Hibernate: 
    alter table partner_portfolios 
       add constraint FKrh180xv5n8088gpdba8d8mxxm 
       foreign key (user_id) 
       references users (id)
2026-04-20T17:56:07.298+09:00  WARN 35280 --- [devbridge] [    Test worker] o.h.t.s.i.ExceptionHandlerLoggedImpl     : GenerationTarget encountered exception accepting command : Error executing DDL "
    alter table partner_portfolios 
       add constraint FKrh180xv5n8088gpdba8d8mxxm 
       foreign key (user_id) 
       references users (id)" via JDBC [Table 'devbridge_db.partner_portfolios' doesn't exist]

org.hibernate.tool.schema.spi.CommandAcceptanceException: Error executing DDL "
    alter table partner_portfolios 
       add constraint FKrh180xv5n8088gpdba8d8mxxm 
       foreign key (user_id) 
       references users (id)" via JDBC [Table 'devbridge_db.partner_portfolios' doesn't exist]
	at org.hibernate.tool.schema.internal.exec.GenerationTargetToDatabase.accept(GenerationTargetToDatabase.java:81) ~[hibernate-core-7.2.7.Final.jar:7.2.7.Final]
	at org.hibernate.tool.schema.internal.AbstractSchemaMigrator.applySqlString(AbstractSchemaMigrator.java:566) ~[hibernate-core-7.2.7.Final.jar:7.2.7.Final]
	at org.hibernate.tool.schema.internal.AbstractSchemaMigrator.applySqlStrings(AbstractSchemaMigrator.java:506) ~[hibernate-core-7.2.7.Final.jar:7.2.7.Final]
	at org.hibernate.tool.schema.internal.AbstractSchemaMigrator.applyForeignKeys(AbstractSchemaMigrator.java:438) ~[hibernate-core-7.2.7.Final.jar:7.2.7.Final]
	at org.hibernate.tool.schema.internal.AbstractSchemaMigrator.performMigration(AbstractSchemaMigrator.java:256) ~[hibernate-core-7.2.7.Final.jar:7.2.7.Final]
	at org.hibernate.tool.schema.internal.AbstractSchemaMigrator.doMigration(AbstractSchemaMigrator.java:96) ~[hibernate-core-7.2.7.Final.jar:7.2.7.Final]
	at org.hibernate.tool.schema.spi.SchemaManagementToolCoordinator.performDatabaseAction(SchemaManagementToolCoordinator.java:269) ~[hibernate-core-7.2.7.Final.jar:7.2.7.Final]
	at org.hibernate.tool.schema.spi.SchemaManagementToolCoordinator.lambda$process$1(SchemaManagementToolCoordinator.java:101) ~[hibernate-core-7.2.7.Final.jar:7.2.7.Final]
	at java.base/java.util.HashMap.forEach(HashMap.java:1421) ~[na:na]
	at org.hibernate.tool.schema.spi.SchemaManagementToolCoordinator.process(SchemaManagementToolCoordinator.java:100) ~[hibernate-core-7.2.7.Final.jar:7.2.7.Final]
	at org.hibernate.boot.internal.SessionFactoryObserverForSchemaExport.sessionFactoryCreated(SessionFactoryObserverForSchemaExport.java:35) ~[hibernate-core-7.2.7.Final.jar:7.2.7.Final]
	at org.hibernate.internal.SessionFactoryObserverChain.sessionFactoryCreated(SessionFactoryObserverChain.java:33) ~[hibernate-core-7.2.7.Final.jar:7.2.7.Final]
	at org.hibernate.internal.SessionFactoryImpl.<init>(SessionFactoryImpl.java:323) ~[hibernate-core-7.2.7.Final.jar:7.2.7.Final]
	at org.hibernate.internal.SessionFactoryRegistry.instantiateSessionFactory(SessionFactoryRegistry.java:64) ~[hibernate-core-7.2.7.Final.jar:7.2.7.Final]
	at org.hibernate.boot.internal.SessionFactoryBuilderImpl.build(SessionFactoryBuilderImpl.java:437) ~[hibernate-core-7.2.7.Final.jar:7.2.7.Final]
	at org.hibernate.jpa.boot.internal.EntityManagerFactoryBuilderImpl.build(EntityManagerFactoryBuilderImpl.java:1456) ~[hibernate-core-7.2.7.Final.jar:7.2.7.Final]
	at org.springframework.orm.jpa.vendor.SpringHibernateJpaPersistenceProvider.createContainerEntityManagerFactory(SpringHibernateJpaPersistenceProvider.java:93) ~[spring-orm-7.0.6.jar:7.0.6]
	at org.springframework.orm.jpa.LocalContainerEntityManagerFactoryBean.createNativeEntityManagerFactory(LocalContainerEntityManagerFactoryBean.java:443) ~[spring-orm-7.0.6.jar:7.0.6]
	at org.springframework.orm.jpa.AbstractEntityManagerFactoryBean.buildNativeEntityManagerFactory(AbstractEntityManagerFactoryBean.java:436) ~[spring-orm-7.0.6.jar:7.0.6]
	at org.springframework.orm.jpa.AbstractEntityManagerFactoryBean.afterPropertiesSet(AbstractEntityManagerFactoryBean.java:411) ~[spring-orm-7.0.6.jar:7.0.6]
	at org.springframework.orm.jpa.LocalContainerEntityManagerFactoryBean.afterPropertiesSet(LocalContainerEntityManagerFactoryBean.java:419) ~[spring-orm-7.0.6.jar:7.0.6]
	at org.springframework.beans.factory.support.AbstractAutowireCapableBeanFactory.invokeInitMethods(AbstractAutowireCapableBeanFactory.java:1864) ~[spring-beans-7.0.6.jar:7.0.6]
	at org.springframework.beans.factory.support.AbstractAutowireCapableBeanFactory.initializeBean(AbstractAutowireCapableBeanFactory.java:1813) ~[spring-beans-7.0.6.jar:7.0.6]
	at org.springframework.beans.factory.support.AbstractAutowireCapableBeanFactory.doCreateBean(AbstractAutowireCapableBeanFactory.java:603) ~[spring-beans-7.0.6.jar:7.0.6]
	at org.springframework.beans.factory.support.AbstractAutowireCapableBeanFactory.createBean(AbstractAutowireCapableBeanFactory.java:525) ~[spring-beans-7.0.6.jar:7.0.6]
	at org.springframework.beans.factory.support.AbstractBeanFactory.lambda$doGetBean$0(AbstractBeanFactory.java:333) ~[spring-beans-7.0.6.jar:7.0.6]
	at org.springframework.beans.factory.support.DefaultSingletonBeanRegistry.getSingleton(DefaultSingletonBeanRegistry.java:371) ~[spring-beans-7.0.6.jar:7.0.6]
	at org.springframework.beans.factory.support.AbstractBeanFactory.doGetBean(AbstractBeanFactory.java:331) ~[spring-beans-7.0.6.jar:7.0.6]
	at org.springframework.beans.factory.support.AbstractBeanFactory.getBean(AbstractBeanFactory.java:201) ~[spring-beans-7.0.6.jar:7.0.6]
	at org.springframework.context.support.AbstractApplicationContext.finishBeanFactoryInitialization(AbstractApplicationContext.java:977) ~[spring-context-7.0.6.jar:7.0.6]
	at org.springframework.context.support.AbstractApplicationContext.refresh(AbstractApplicationContext.java:621) ~[spring-context-7.0.6.jar:7.0.6]
	at org.springframework.boot.SpringApplication.refresh(SpringApplication.java:756) ~[spring-boot-4.0.4.jar:4.0.4]
	at org.springframework.boot.SpringApplication.refreshContext(SpringApplication.java:445) ~[spring-boot-4.0.4.jar:4.0.4]
	at org.springframework.boot.SpringApplication.run(SpringApplication.java:321) ~[spring-boot-4.0.4.jar:4.0.4]
	at org.springframework.boot.test.context.SpringBootContextLoader.lambda$loadContext$2(SpringBootContextLoader.java:155) ~[spring-boot-test-4.0.4.jar:4.0.4]
	at org.springframework.util.function.ThrowingSupplier.get(ThrowingSupplier.java:58) ~[spring-core-7.0.6.jar:7.0.6]
	at org.springframework.util.function.ThrowingSupplier.get(ThrowingSupplier.java:46) ~[spring-core-7.0.6.jar:7.0.6]
	at org.springframework.boot.SpringApplication.withHook(SpringApplication.java:1465) ~[spring-boot-4.0.4.jar:4.0.4]
	at org.springframework.boot.test.context.SpringBootContextLoader$ContextLoaderHook.run(SpringBootContextLoader.java:600) ~[spring-boot-test-4.0.4.jar:4.0.4]
	at org.springframework.boot.test.context.SpringBootContextLoader.loadContext(SpringBootContextLoader.java:155) ~[spring-boot-test-4.0.4.jar:4.0.4]
	at org.springframework.boot.test.context.SpringBootContextLoader.loadContext(SpringBootContextLoader.java:114) ~[spring-boot-test-4.0.4.jar:4.0.4]
	at org.springframework.test.context.cache.DefaultCacheAwareContextLoaderDelegate.loadContextInternal(DefaultCacheAwareContextLoaderDelegate.java:247) ~[spring-test-7.0.6.jar:7.0.6]
	at org.springframework.test.context.cache.DefaultCacheAwareContextLoaderDelegate.lambda$loadContext$0(DefaultCacheAwareContextLoaderDelegate.java:167) ~[spring-test-7.0.6.jar:7.0.6]
	at org.springframework.test.context.cache.DefaultContextCache.put(DefaultContextCache.java:214) ~[spring-test-7.0.6.jar:7.0.6]
	at org.springframework.test.context.cache.DefaultCacheAwareContextLoaderDelegate.loadContext(DefaultCacheAwareContextLoaderDelegate.java:160) ~[spring-test-7.0.6.jar:7.0.6]
	at org.springframework.test.context.support.DefaultTestContext.getApplicationContext(DefaultTestContext.java:128) ~[spring-test-7.0.6.jar:7.0.6]
	at org.springframework.test.context.web.ServletTestExecutionListener.setUpRequestContextIfNecessary(ServletTestExecutionListener.java:200) ~[spring-test-7.0.6.jar:7.0.6]
	at org.springframework.test.context.web.ServletTestExecutionListener.prepareTestInstance(ServletTestExecutionListener.java:139) ~[spring-test-7.0.6.jar:7.0.6]
	at org.springframework.test.context.TestContextManager.prepareTestInstance(TestContextManager.java:260) ~[spring-test-7.0.6.jar:7.0.6]
	at org.springframework.test.context.junit.jupiter.SpringExtension.postProcessTestInstance(SpringExtension.java:210) ~[spring-test-7.0.6.jar:7.0.6]
	at org.junit.jupiter.engine.descriptor.ClassBasedTestDescriptor.lambda$invokeTestInstancePostProcessors$1(ClassBasedTestDescriptor.java:423) ~[junit-jupiter-engine-6.0.3.jar:6.0.3]
	at org.junit.jupiter.engine.descriptor.ClassBasedTestDescriptor.executeAndMaskThrowable(ClassBasedTestDescriptor.java:428) ~[junit-jupiter-engine-6.0.3.jar:6.0.3]
	at org.junit.jupiter.engine.descriptor.ClassBasedTestDescriptor.lambda$invokeTestInstancePostProcessors$0(ClassBasedTestDescriptor.java:422) ~[junit-jupiter-engine-6.0.3.jar:6.0.3]
	at java.base/java.util.stream.ForEachOps$ForEachOp$OfRef.accept(ForEachOps.java:183) ~[na:na]
	at java.base/java.util.stream.ReferencePipeline$3$1.accept(ReferencePipeline.java:197) ~[na:na]
	at java.base/java.util.stream.ReferencePipeline$2$1.accept(ReferencePipeline.java:179) ~[na:na]
	at java.base/java.util.stream.ReferencePipeline$3$1.accept(ReferencePipeline.java:197) ~[na:na]
	at java.base/java.util.ArrayList$ArrayListSpliterator.forEachRemaining(ArrayList.java:1625) ~[na:na]
	at java.base/java.util.stream.AbstractPipeline.copyInto(AbstractPipeline.java:509) ~[na:na]
	at java.base/java.util.stream.AbstractPipeline.wrapAndCopyInto(AbstractPipeline.java:499) ~[na:na]
	at java.base/java.util.stream.ForEachOps$ForEachOp.evaluateSequential(ForEachOps.java:150) ~[na:na]
	at java.base/java.util.stream.ForEachOps$ForEachOp$OfRef.evaluateSequential(ForEachOps.java:173) ~[na:na]
	at java.base/java.util.stream.AbstractPipeline.evaluate(AbstractPipeline.java:234) ~[na:na]
	at java.base/java.util.stream.ReferencePipeline.forEach(ReferencePipeline.java:596) ~[na:na]
	at org.junit.jupiter.engine.descriptor.ClassBasedTestDescriptor.invokeTestInstancePostProcessors(ClassBasedTestDescriptor.java:422) ~[junit-jupiter-engine-6.0.3.jar:6.0.3]
	at org.junit.jupiter.engine.descriptor.ClassBasedTestDescriptor.lambda$instantiateAndPostProcessTestInstance$0(ClassBasedTestDescriptor.java:334) ~[junit-jupiter-engine-6.0.3.jar:6.0.3]
	at org.junit.platform.engine.support.hierarchical.ThrowableCollector.execute(ThrowableCollector.java:74) ~[junit-platform-engine-6.0.3.jar:6.0.3]
	at org.junit.jupiter.engine.descriptor.ClassBasedTestDescriptor.instantiateAndPostProcessTestInstance(ClassBasedTestDescriptor.java:333) ~[junit-jupiter-engine-6.0.3.jar:6.0.3]
	at org.junit.jupiter.engine.descriptor.ClassBasedTestDescriptor.lambda$testInstancesProvider$1(ClassBasedTestDescriptor.java:322) ~[junit-jupiter-engine-6.0.3.jar:6.0.3]
	at java.base/java.util.Optional.orElseGet(Optional.java:364) ~[na:na]
	at org.junit.jupiter.engine.descriptor.ClassBasedTestDescriptor.lambda$testInstancesProvider$0(ClassBasedTestDescriptor.java:321) ~[junit-jupiter-engine-6.0.3.jar:6.0.3]
	at org.junit.jupiter.engine.execution.TestInstancesProvider.getTestInstances(TestInstancesProvider.java:27) ~[junit-jupiter-engine-6.0.3.jar:6.0.3]
	at org.junit.jupiter.engine.descriptor.TestMethodTestDescriptor.lambda$prepare$0(TestMethodTestDescriptor.java:127) ~[junit-jupiter-engine-6.0.3.jar:6.0.3]
	at org.junit.platform.engine.support.hierarchical.ThrowableCollector.execute(ThrowableCollector.java:74) ~[junit-platform-engine-6.0.3.jar:6.0.3]
	at org.junit.jupiter.engine.descriptor.TestMethodTestDescriptor.prepare(TestMethodTestDescriptor.java:126) ~[junit-jupiter-engine-6.0.3.jar:6.0.3]
	at org.junit.jupiter.engine.descriptor.TestMethodTestDescriptor.prepare(TestMethodTestDescriptor.java:70) ~[junit-jupiter-engine-6.0.3.jar:6.0.3]
	at org.junit.platform.engine.support.hierarchical.NodeTestTask.lambda$prepare$0(NodeTestTask.java:144) ~[junit-platform-engine-6.0.3.jar:6.0.3]
	at org.junit.platform.engine.support.hierarchical.ThrowableCollector.execute(ThrowableCollector.java:74) ~[junit-platform-engine-6.0.3.jar:6.0.3]
	at org.junit.platform.engine.support.hierarchical.NodeTestTask.prepare(NodeTestTask.java:144) ~[junit-platform-engine-6.0.3.jar:6.0.3]
	at org.junit.platform.engine.support.hierarchical.NodeTestTask.execute(NodeTestTask.java:110) ~[junit-platform-engine-6.0.3.jar:6.0.3]
	at java.base/java.util.ArrayList.forEach(ArrayList.java:1511) ~[na:na]
	at org.junit.platform.engine.support.hierarchical.SameThreadHierarchicalTestExecutorService.invokeAll(SameThreadHierarchicalTestExecutorService.java:42) ~[junit-platform-engine-6.0.3.jar:6.0.3]
	at org.junit.platform.engine.support.hierarchical.NodeTestTask.lambda$executeRecursively$2(NodeTestTask.java:180) ~[junit-platform-engine-6.0.3.jar:6.0.3]
	at org.junit.platform.engine.support.hierarchical.ThrowableCollector.execute(ThrowableCollector.java:74) ~[junit-platform-engine-6.0.3.jar:6.0.3]
	at org.junit.platform.engine.support.hierarchical.NodeTestTask.lambda$executeRecursively$1(NodeTestTask.java:166) ~[junit-platform-engine-6.0.3.jar:6.0.3]
	at org.junit.platform.engine.support.hierarchical.Node.around(Node.java:138) ~[junit-platform-engine-6.0.3.jar:6.0.3]
	at org.junit.platform.engine.support.hierarchical.NodeTestTask.lambda$executeRecursively$0(NodeTestTask.java:164) ~[junit-platform-engine-6.0.3.jar:6.0.3]
	at org.junit.platform.engine.support.hierarchical.ThrowableCollector.execute(ThrowableCollector.java:74) ~[junit-platform-engine-6.0.3.jar:6.0.3]
	at org.junit.platform.engine.support.hierarchical.NodeTestTask.executeRecursively(NodeTestTask.java:163) ~[junit-platform-engine-6.0.3.jar:6.0.3]
	at org.junit.platform.engine.support.hierarchical.NodeTestTask.execute(NodeTestTask.java:116) ~[junit-platform-engine-6.0.3.jar:6.0.3]
	at java.base/java.util.ArrayList.forEach(ArrayList.java:1511) ~[na:na]
	at org.junit.platform.engine.support.hierarchical.SameThreadHierarchicalTestExecutorService.invokeAll(SameThreadHierarchicalTestExecutorService.java:42) ~[junit-platform-engine-6.0.3.jar:6.0.3]
	at org.junit.platform.engine.support.hierarchical.NodeTestTask.lambda$executeRecursively$2(NodeTestTask.java:180) ~[junit-platform-engine-6.0.3.jar:6.0.3]
	at org.junit.platform.engine.support.hierarchical.ThrowableCollector.execute(ThrowableCollector.java:74) ~[junit-platform-engine-6.0.3.jar:6.0.3]
	at org.junit.platform.engine.support.hierarchical.NodeTestTask.lambda$executeRecursively$1(NodeTestTask.java:166) ~[junit-platform-engine-6.0.3.jar:6.0.3]
	at org.junit.platform.engine.support.hierarchical.Node.around(Node.java:138) ~[junit-platform-engine-6.0.3.jar:6.0.3]
	at org.junit.platform.engine.support.hierarchical.NodeTestTask.lambda$executeRecursively$0(NodeTestTask.java:164) ~[junit-platform-engine-6.0.3.jar:6.0.3]
	at org.junit.platform.engine.support.hierarchical.ThrowableCollector.execute(ThrowableCollector.java:74) ~[junit-platform-engine-6.0.3.jar:6.0.3]
	at org.junit.platform.engine.support.hierarchical.NodeTestTask.executeRecursively(NodeTestTask.java:163) ~[junit-platform-engine-6.0.3.jar:6.0.3]
	at org.junit.platform.engine.support.hierarchical.NodeTestTask.execute(NodeTestTask.java:116) ~[junit-platform-engine-6.0.3.jar:6.0.3]
	at org.junit.platform.engine.support.hierarchical.SameThreadHierarchicalTestExecutorService.submit(SameThreadHierarchicalTestExecutorService.java:36) ~[junit-platform-engine-6.0.3.jar:6.0.3]
	at org.junit.platform.engine.support.hierarchical.HierarchicalTestExecutor.execute(HierarchicalTestExecutor.java:52) ~[junit-platform-engine-6.0.3.jar:6.0.3]
	at org.junit.platform.engine.support.hierarchical.HierarchicalTestEngine.execute(HierarchicalTestEngine.java:58) ~[junit-platform-engine-6.0.3.jar:6.0.3]
	at org.junit.platform.launcher.core.EngineExecutionOrchestrator.executeEngine(EngineExecutionOrchestrator.java:246) ~[junit-platform-launcher-6.0.3.jar:6.0.3]
	at org.junit.platform.launcher.core.EngineExecutionOrchestrator.failOrExecuteEngine(EngineExecutionOrchestrator.java:218) ~[junit-platform-launcher-6.0.3.jar:6.0.3]
	at org.junit.platform.launcher.core.EngineExecutionOrchestrator.execute(EngineExecutionOrchestrator.java:179) ~[junit-platform-launcher-6.0.3.jar:6.0.3]
	at org.junit.platform.launcher.core.EngineExecutionOrchestrator.execute(EngineExecutionOrchestrator.java:108) ~[junit-platform-launcher-6.0.3.jar:6.0.3]
	at org.junit.platform.launcher.core.EngineExecutionOrchestrator.lambda$execute$0(EngineExecutionOrchestrator.java:66) ~[junit-platform-launcher-6.0.3.jar:6.0.3]
	at org.junit.platform.launcher.core.EngineExecutionOrchestrator.withInterceptedStreams(EngineExecutionOrchestrator.java:157) ~[junit-platform-launcher-6.0.3.jar:6.0.3]
	at org.junit.platform.launcher.core.EngineExecutionOrchestrator.execute(EngineExecutionOrchestrator.java:65) ~[junit-platform-launcher-6.0.3.jar:6.0.3]
	at org.junit.platform.launcher.core.DefaultLauncher.execute(DefaultLauncher.java:125) ~[junit-platform-launcher-6.0.3.jar:6.0.3]
	at org.junit.platform.launcher.core.DefaultLauncher.execute(DefaultLauncher.java:114) ~[junit-platform-launcher-6.0.3.jar:6.0.3]
	at org.junit.platform.launcher.core.DefaultLauncher.execute(DefaultLauncher.java:93) ~[junit-platform-launcher-6.0.3.jar:6.0.3]
	at org.junit.platform.launcher.core.DelegatingLauncher.execute(DelegatingLauncher.java:48) ~[junit-platform-launcher-6.0.3.jar:6.0.3]
	at org.junit.platform.launcher.core.InterceptingLauncher.lambda$execute$0(InterceptingLauncher.java:41) ~[junit-platform-launcher-6.0.3.jar:6.0.3]
	at org.junit.platform.launcher.core.ClasspathAlignmentCheckingLauncherInterceptor.intercept(ClasspathAlignmentCheckingLauncherInterceptor.java:25) ~[junit-platform-launcher-6.0.3.jar:6.0.3]
	at org.junit.platform.launcher.core.InterceptingLauncher.execute(InterceptingLauncher.java:40) ~[junit-platform-launcher-6.0.3.jar:6.0.3]
	at org.junit.platform.launcher.core.DelegatingLauncher.execute(DelegatingLauncher.java:48) ~[junit-platform-launcher-6.0.3.jar:6.0.3]
	at org.gradle.api.internal.tasks.testing.junitplatform.JUnitPlatformTestDefinitionProcessor$CollectThenExecuteTestDefinitionConsumer.processAllTestDefinitions(JUnitPlatformTestDefinitionProcessor.java:179) ~[na:na]
	at org.gradle.api.internal.tasks.testing.junitplatform.JUnitPlatformTestDefinitionProcessor$CollectThenExecuteTestDefinitionConsumer.access$000(JUnitPlatformTestDefinitionProcessor.java:122) ~[na:na]
	at org.gradle.api.internal.tasks.testing.junitplatform.JUnitPlatformTestDefinitionProcessor.stop(JUnitPlatformTestDefinitionProcessor.java:116) ~[na:na]
	at org.gradle.api.internal.tasks.testing.SuiteTestDefinitionProcessor.stop(SuiteTestDefinitionProcessor.java:63) ~[na:na]
	at java.base/jdk.internal.reflect.NativeMethodAccessorImpl.invoke0(Native Method) ~[na:na]
	at java.base/jdk.internal.reflect.NativeMethodAccessorImpl.invoke(NativeMethodAccessorImpl.java:77) ~[na:na]
	at java.base/jdk.internal.reflect.DelegatingMethodAccessorImpl.invoke(DelegatingMethodAccessorImpl.java:43) ~[na:na]
	at java.base/java.lang.reflect.Method.invoke(Method.java:569) ~[na:na]
	at org.gradle.internal.dispatch.MethodInvocation.invokeOn(MethodInvocation.java:77) ~[na:na]
	at org.gradle.internal.dispatch.ReflectionDispatch.dispatch(ReflectionDispatch.java:28) ~[na:na]
	at org.gradle.internal.dispatch.ReflectionDispatch.dispatch(ReflectionDispatch.java:19) ~[na:na]
	at org.gradle.internal.dispatch.ContextClassLoaderDispatch.dispatch(ContextClassLoaderDispatch.java:33) ~[na:na]
	at org.gradle.internal.dispatch.ProxyDispatchAdapter$DispatchingInvocationHandler.invoke(ProxyDispatchAdapter.java:88) ~[na:na]
	at jdk.proxy1/jdk.proxy1.$Proxy4.stop(Unknown Source) ~[na:na]
	at org.gradle.api.internal.tasks.testing.worker.TestWorker$3.run(TestWorker.java:195) ~[na:na]
	at org.gradle.api.internal.tasks.testing.worker.TestWorker.executeAndMaintainThreadName(TestWorker.java:126) ~[na:na]
	at org.gradle.api.internal.tasks.testing.worker.TestWorker.execute(TestWorker.java:103) ~[na:na]
	at org.gradle.api.internal.tasks.testing.worker.TestWorker.execute(TestWorker.java:63) ~[na:na]
	at org.gradle.process.internal.worker.child.ActionExecutionWorker.execute(ActionExecutionWorker.java:56) ~[na:na]
	at org.gradle.process.internal.worker.child.SystemApplicationClassLoaderWorker.call(SystemApplicationClassLoaderWorker.java:122) ~[na:na]
	at org.gradle.process.internal.worker.child.SystemApplicationClassLoaderWorker.call(SystemApplicationClassLoaderWorker.java:72) ~[na:na]
	at worker.org.gradle.process.internal.worker.GradleWorkerMain.run(GradleWorkerMain.java:69) ~[gradle-worker.jar:na]
	at worker.org.gradle.process.internal.worker.GradleWorkerMain.main(GradleWorkerMain.java:74) ~[gradle-worker.jar:na]
Caused by: java.sql.SQLSyntaxErrorException: Table 'devbridge_db.partner_portfolios' doesn't exist
	at com.mysql.cj.jdbc.exceptions.SQLError.createSQLException(SQLError.java:112) ~[mysql-connector-j-9.6.0.jar:9.6.0]
	at com.mysql.cj.jdbc.exceptions.SQLExceptionsMapping.translateException(SQLExceptionsMapping.java:114) ~[mysql-connector-j-9.6.0.jar:9.6.0]
	at com.mysql.cj.jdbc.StatementImpl.executeInternal(StatementImpl.java:839) ~[mysql-connector-j-9.6.0.jar:9.6.0]
	at com.mysql.cj.jdbc.StatementImpl.execute(StatementImpl.java:687) ~[mysql-connector-j-9.6.0.jar:9.6.0]
	at com.zaxxer.hikari.pool.ProxyStatement.execute(ProxyStatement.java:95) ~[HikariCP-7.0.2.jar:na]
	at com.zaxxer.hikari.pool.HikariProxyStatement.execute(HikariProxyStatement.java) ~[HikariCP-7.0.2.jar:na]
	at org.hibernate.tool.schema.internal.exec.GenerationTargetToDatabase.accept(GenerationTargetToDatabase.java:76) ~[hibernate-core-7.2.7.Final.jar:7.2.7.Final]
	... 140 common frames omitted

2026-04-20T17:56:07.303+09:00  INFO 35280 --- [devbridge] [    Test worker] j.LocalContainerEntityManagerFactoryBean : Initialized JPA EntityManagerFactory for persistence unit 'default'
2026-04-20T17:56:07.466+09:00  INFO 35280 --- [devbridge] [    Test worker] o.s.d.j.r.query.QueryEnhancerFactories   : Hibernate is in classpath; If applicable, HQL parser will be used.
2026-04-20T17:56:08.688+09:00  INFO 35280 --- [devbridge] [    Test worker] c.D.devbridge.service.GeminiService      : Gemini configured. model=gemini-1.5-pro, fallbackModel=gemini-1.5-flash, apiKeyPresent=true
2026-04-20T17:56:08.907+09:00  INFO 35280 --- [devbridge] [    Test worker] c.D.d.service.EmailVerificationService   : [EmailVerification] 발신자: hylee132@gmail.com, TTL: 5분
2026-04-20T17:56:09.227+09:00  WARN 35280 --- [devbridge] [    Test worker] JpaBaseConfiguration$JpaWebConfiguration : spring.jpa.open-in-view is enabled by default. Therefore, database queries may be performed during view rendering. Explicitly configure spring.jpa.open-in-view to disable this warning
2026-04-20T17:56:09.864+09:00  INFO 35280 --- [devbridge] [    Test worker] c.D.devbridge.DevbridgeApplicationTests  : Started DevbridgeApplicationTests in 6.624 seconds (process running for 7.59)
2026-04-20T17:56:09.874+09:00  INFO 35280 --- [devbridge] [    Test worker] c.DevBridge.devbridge.config.DataSeeder  : ===== DataSeeder 시작 =====
Hibernate: 
    select
        count(*) 
    from
        skill_master sm1_0
Hibernate: 
    select
        count(*) 
    from
        skill_master sm1_0
2026-04-20T17:56:09.923+09:00  INFO 35280 --- [devbridge] [    Test worker] c.DevBridge.devbridge.config.DataSeeder  : [skill_master] 이미 데이터 존재 → 스킵 (count=54)
Hibernate: 
    select
        sm1_0.id,
        sm1_0.name 
    from
        skill_master sm1_0
Hibernate: 
    select
        sm1_0.id,
        sm1_0.name 
    from
        skill_master sm1_0 
    where
        sm1_0.name=?
Hibernate: 
    select
        sm1_0.id,
        sm1_0.name 
    from
        skill_master sm1_0 
    where
        sm1_0.name=?
Hibernate: 
    select
        sm1_0.id,
        sm1_0.name 
    from
        skill_master sm1_0 
    where
        sm1_0.name=?
Hibernate: 
    select
        sm1_0.id,
        sm1_0.name 
    from
        skill_master sm1_0 
    where
        sm1_0.name=?
Hibernate: 
    select
        sm1_0.id,
        sm1_0.name 
    from
        skill_master sm1_0 
    where
        sm1_0.name=?
Hibernate: 
    select
        sm1_0.id,
        sm1_0.name 
    from
        skill_master sm1_0 
    where
        sm1_0.name=?
Hibernate: 
    select
        sm1_0.id,
        sm1_0.name 
    from
        skill_master sm1_0 
    where
        sm1_0.name=?
Hibernate: 
    select
        sm1_0.id,
        sm1_0.name 
    from
        skill_master sm1_0 
    where
        sm1_0.name=?
Hibernate: 
    select
        sm1_0.id,
        sm1_0.name 
    from
        skill_master sm1_0 
    where
        sm1_0.name=?
Hibernate: 
    select
        sm1_0.id,
        sm1_0.name 
    from
        skill_master sm1_0 
    where
        sm1_0.name=?
Hibernate: 
    select
        sm1_0.id,
        sm1_0.name 
    from
        skill_master sm1_0 
    where
        sm1_0.name=?
Hibernate: 
    select
        sm1_0.id,
        sm1_0.name 
    from
        skill_master sm1_0 
    where
        sm1_0.name=?
Hibernate: 
    select
        sm1_0.id,
        sm1_0.name 
    from
        skill_master sm1_0 
    where
        sm1_0.name=?
Hibernate: 
    select
        sm1_0.id,
        sm1_0.name 
    from
        skill_master sm1_0 
    where
        sm1_0.name=?
Hibernate: 
    select
        sm1_0.id,
        sm1_0.name 
    from
        skill_master sm1_0 
    where
        sm1_0.name=?
Hibernate: 
    select
        sm1_0.id,
        sm1_0.name 
    from
        skill_master sm1_0 
    where
        sm1_0.name=?
Hibernate: 
    select
        sm1_0.id,
        sm1_0.name 
    from
        skill_master sm1_0 
    where
        sm1_0.name=?
Hibernate: 
    select
        sm1_0.id,
        sm1_0.name 
    from
        skill_master sm1_0 
    where
        sm1_0.name=?
Hibernate: 
    select
        sm1_0.id,
        sm1_0.name 
    from
        skill_master sm1_0 
    where
        sm1_0.name=?
Hibernate: 
    select
        sm1_0.id,
        sm1_0.name 
    from
        skill_master sm1_0 
    where
        sm1_0.name=?
Hibernate: 
    select
        sm1_0.id,
        sm1_0.name 
    from
        skill_master sm1_0 
    where
        sm1_0.name=?
Hibernate: 
    select
        sm1_0.id,
        sm1_0.name 
    from
        skill_master sm1_0 
    where
        sm1_0.name=?
Hibernate: 
    select
        sm1_0.id,
        sm1_0.name 
    from
        skill_master sm1_0 
    where
        sm1_0.name=?
Hibernate: 
    select
        sm1_0.id,
        sm1_0.name 
    from
        skill_master sm1_0 
    where
        sm1_0.name=?
Hibernate: 
    select
        sm1_0.id,
        sm1_0.name 
    from
        skill_master sm1_0 
    where
        sm1_0.name=?
Hibernate: 
    select
        sm1_0.id,
        sm1_0.name 
    from
        skill_master sm1_0 
    where
        sm1_0.name=?
Hibernate: 
    select
        sm1_0.id,
        sm1_0.name 
    from
        skill_master sm1_0 
    where
        sm1_0.name=?
Hibernate: 
    select
        sm1_0.id,
        sm1_0.name 
    from
        skill_master sm1_0 
    where
        sm1_0.name=?
Hibernate: 
    select
        sm1_0.id,
        sm1_0.name 
    from
        skill_master sm1_0 
    where
        sm1_0.name=?
Hibernate: 
    select
        sm1_0.id,
        sm1_0.name 
    from
        skill_master sm1_0 
    where
        sm1_0.name=?
Hibernate: 
    select
        sm1_0.id,
        sm1_0.name 
    from
        skill_master sm1_0 
    where
        sm1_0.name=?
Hibernate: 
    select
        sm1_0.id,
        sm1_0.name 
    from
        skill_master sm1_0 
    where
        sm1_0.name=?
Hibernate: 
    select
        sm1_0.id,
        sm1_0.name 
    from
        skill_master sm1_0 
    where
        sm1_0.name=?
Hibernate: 
    select
        sm1_0.id,
        sm1_0.name 
    from
        skill_master sm1_0 
    where
        sm1_0.name=?
Hibernate: 
    select
        sm1_0.id,
        sm1_0.name 
    from
        skill_master sm1_0 
    where
        sm1_0.name=?
Hibernate: 
    select
        sm1_0.id,
        sm1_0.name 
    from
        skill_master sm1_0 
    where
        sm1_0.name=?
Hibernate: 
    select
        sm1_0.id,
        sm1_0.name 
    from
        skill_master sm1_0 
    where
        sm1_0.name=?
Hibernate: 
    select
        sm1_0.id,
        sm1_0.name 
    from
        skill_master sm1_0 
    where
        sm1_0.name=?
Hibernate: 
    select
        sm1_0.id,
        sm1_0.name 
    from
        skill_master sm1_0 
    where
        sm1_0.name=?
Hibernate: 
    select
        sm1_0.id,
        sm1_0.name 
    from
        skill_master sm1_0 
    where
        sm1_0.name=?
Hibernate: 
    select
        count(*) 
    from
        project_field_master pfm1_0
[...]
    select
        pp1_0.id,
        pp1_0.avatar_color,
        pp1_0.bio,
        pp1_0.bio_file_tag,
        pp1_0.bio_file_url,
        pp1_0.blog_url,
        pp1_0.communication_channels,
        pp1_0.dev_experience,
        pp1_0.dev_level,
        pp1_0.github_url,
        pp1_0.grade,
        pp1_0.hashtags,
        pp1_0.hero_key,
        pp1_0.job_roles,
        pp1_0.partner_type,
        pp1_0.portfolio_file_tag,
        pp1_0.portfolio_file_url,
        pp1_0.preferred_project_type,
        pp1_0.salary_hour,
        pp1_0.salary_month,
        pp1_0.service_field,
        pp1_0.slogan,
        pp1_0.slogan_sub,
        pp1_0.strength_desc,
        pp1_0.title,
        pp1_0.user_id,
        pp1_0.work_available_hours,
        pp1_0.work_category,
        pp1_0.work_preference,
        pp1_0.youtube_url 
    from
        partner_profile pp1_0
Hibernate: 
    select
        pp1_0.id,
        pp1_0.avatar_color,
        pp1_0.bio,
        pp1_0.bio_file_tag,
        pp1_0.bio_file_url,
        pp1_0.blog_url,
        pp1_0.communication_channels,
        pp1_0.dev_experience,
        pp1_0.dev_level,
        pp1_0.github_url,
        pp1_0.grade,
        pp1_0.hashtags,
        pp1_0.hero_key,
        pp1_0.job_roles,
        pp1_0.partner_type,
        pp1_0.portfolio_file_tag,
        pp1_0.portfolio_file_url,
        pp1_0.preferred_project_type,
        pp1_0.salary_hour,
        pp1_0.salary_month,
        pp1_0.service_field,
        pp1_0.slogan,
        pp1_0.slogan_sub,
        pp1_0.strength_desc,
        pp1_0.title,
        pp1_0.user_id,
        pp1_0.work_available_hours,
        pp1_0.work_category,
        pp1_0.work_preference,
        pp1_0.youtube_url 
    from
        partner_profile pp1_0
Hibernate: 
    select
        pp1_0.id,
        pp1_0.avatar_color,
        pp1_0.bio,
        pp1_0.bio_file_tag,
        pp1_0.bio_file_url,
        pp1_0.blog_url,
        pp1_0.communication_channels,
        pp1_0.dev_experience,
        pp1_0.dev_level,
        pp1_0.github_url,
        pp1_0.grade,
        pp1_0.hashtags,
        pp1_0.hero_key,
        pp1_0.job_roles,
        pp1_0.partner_type,
        pp1_0.portfolio_file_tag,
        pp1_0.portfolio_file_url,
        pp1_0.preferred_project_type,
        pp1_0.salary_hour,
        pp1_0.salary_month,
        pp1_0.service_field,
        pp1_0.slogan,
        pp1_0.slogan_sub,
        pp1_0.strength_desc,
        pp1_0.title,
        pp1_0.user_id,
        pp1_0.work_available_hours,
        pp1_0.work_category,
        pp1_0.work_preference,
        pp1_0.youtube_url 
    from
        partner_profile pp1_0
Hibernate: 
    select
        pp1_0.id,
        pp1_0.avatar_color,
        pp1_0.bio,
        pp1_0.bio_file_tag,
        pp1_0.bio_file_url,
        pp1_0.blog_url,
        pp1_0.communication_channels,
        pp1_0.dev_experience,
        pp1_0.dev_level,
        pp1_0.github_url,
        pp1_0.grade,
        pp1_0.hashtags,
        pp1_0.hero_key,
        pp1_0.job_roles,
        pp1_0.partner_type,
        pp1_0.portfolio_file_tag,
        pp1_0.portfolio_file_url,
        pp1_0.preferred_project_type,
        pp1_0.salary_hour,
        pp1_0.salary_month,
        pp1_0.service_field,
        pp1_0.slogan,
        pp1_0.slogan_sub,
        pp1_0.strength_desc,
        pp1_0.title,
        pp1_0.user_id,
        pp1_0.work_available_hours,
        pp1_0.work_category,
        pp1_0.work_preference,
        pp1_0.youtube_url 
    from
        partner_profile pp1_0
Hibernate: 
    select
        pp1_0.id,
        pp1_0.avatar_color,
        pp1_0.bio,
        pp1_0.bio_file_tag,
        pp1_0.bio_file_url,
        pp1_0.blog_url,
        pp1_0.communication_channels,
        pp1_0.dev_experience,
        pp1_0.dev_level,
        pp1_0.github_url,
        pp1_0.grade,
        pp1_0.hashtags,
        pp1_0.hero_key,
        pp1_0.job_roles,
        pp1_0.partner_type,
        pp1_0.portfolio_file_tag,
        pp1_0.portfolio_file_url,
        pp1_0.preferred_project_type,
        pp1_0.salary_hour,
        pp1_0.salary_month,
        pp1_0.service_field,
        pp1_0.slogan,
        pp1_0.slogan_sub,
        pp1_0.strength_desc,
        pp1_0.title,
        pp1_0.user_id,
        pp1_0.work_available_hours,
        pp1_0.work_category,
        pp1_0.work_preference,
        pp1_0.youtube_url 
    from
        partner_profile pp1_0
Hibernate: 
    select
        pp1_0.id,
        pp1_0.avatar_color,
        pp1_0.bio,
        pp1_0.bio_file_tag,
        pp1_0.bio_file_url,
        pp1_0.blog_url,
        pp1_0.communication_channels,
        pp1_0.dev_experience,
        pp1_0.dev_level,
        pp1_0.github_url,
        pp1_0.grade,
        pp1_0.hashtags,
        pp1_0.hero_key,
        pp1_0.job_roles,
        pp1_0.partner_type,
        pp1_0.portfolio_file_tag,
        pp1_0.portfolio_file_url,
        pp1_0.preferred_project_type,
        pp1_0.salary_hour,
        pp1_0.salary_month,
        pp1_0.service_field,
        pp1_0.slogan,
        pp1_0.slogan_sub,
        pp1_0.strength_desc,
        pp1_0.title,
        pp1_0.user_id,
        pp1_0.work_available_hours,
        pp1_0.work_category,
        pp1_0.work_preference,
        pp1_0.youtube_url 
    from
        partner_profile pp1_0
Hibernate: 
    select
        pp1_0.id,
        pp1_0.avatar_color,
        pp1_0.bio,
        pp1_0.bio_file_tag,
        pp1_0.bio_file_url,
        pp1_0.blog_url,
        pp1_0.communication_channels,
        pp1_0.dev_experience,
        pp1_0.dev_level,
        pp1_0.github_url,
        pp1_0.grade,
        pp1_0.hashtags,
        pp1_0.hero_key,
        pp1_0.job_roles,
        pp1_0.partner_type,
        pp1_0.portfolio_file_tag,
        pp1_0.portfolio_file_url,
        pp1_0.preferred_project_type,
        pp1_0.salary_hour,
        pp1_0.salary_month,
        pp1_0.service_field,
        pp1_0.slogan,
        pp1_0.slogan_sub,
        pp1_0.strength_desc,
        pp1_0.title,
        pp1_0.user_id,
        pp1_0.work_available_hours,
        pp1_0.work_category,
        pp1_0.work_preference,
        pp1_0.youtube_url 
    from
        partner_profile pp1_0
Hibernate: 
    select
        pp1_0.id,
        pp1_0.avatar_color,
        pp1_0.bio,
        pp1_0.bio_file_tag,
        pp1_0.bio_file_url,
        pp1_0.blog_url,
        pp1_0.communication_channels,
        pp1_0.dev_experience,
        pp1_0.dev_level,
        pp1_0.github_url,
        pp1_0.grade,
        pp1_0.hashtags,
        pp1_0.hero_key,
        pp1_0.job_roles,
        pp1_0.partner_type,
        pp1_0.portfolio_file_tag,
        pp1_0.portfolio_file_url,
        pp1_0.preferred_project_type,
        pp1_0.salary_hour,
        pp1_0.salary_month,
        pp1_0.service_field,
        pp1_0.slogan,
        pp1_0.slogan_sub,
        pp1_0.strength_desc,
        pp1_0.title,
        pp1_0.user_id,
        pp1_0.work_available_hours,
        pp1_0.work_category,
        pp1_0.work_preference,
        pp1_0.youtube_url 
    from
        partner_profile pp1_0
Hibernate: 
    select
        pp1_0.id,
        pp1_0.avatar_color,
        pp1_0.bio,
        pp1_0.bio_file_tag,
        pp1_0.bio_file_url,
        pp1_0.blog_url,
        pp1_0.communication_channels,
        pp1_0.dev_experience,
        pp1_0.dev_level,
        pp1_0.github_url,
        pp1_0.grade,
        pp1_0.hashtags,
        pp1_0.hero_key,
        pp1_0.job_roles,
        pp1_0.partner_type,
        pp1_0.portfolio_file_tag,
        pp1_0.portfolio_file_url,
        pp1_0.preferred_project_type,
        pp1_0.salary_hour,
        pp1_0.salary_month,
        pp1_0.service_field,
        pp1_0.slogan,
        pp1_0.slogan_sub,
        pp1_0.strength_desc,
        pp1_0.title,
        pp1_0.user_id,
        pp1_0.work_available_hours,
        pp1_0.work_category,
        pp1_0.work_preference,
        pp1_0.youtube_url 
    from
        partner_profile pp1_0
Hibernate: 
    select
        pp1_0.id,
        pp1_0.avatar_color,
        pp1_0.bio,
        pp1_0.bio_file_tag,
        pp1_0.bio_file_url,
        pp1_0.blog_url,
        pp1_0.communication_channels,
        pp1_0.dev_experience,
        pp1_0.dev_level,
        pp1_0.github_url,
        pp1_0.grade,
        pp1_0.hashtags,
        pp1_0.hero_key,
        pp1_0.job_roles,
        pp1_0.partner_type,
        pp1_0.portfolio_file_tag,
        pp1_0.portfolio_file_url,
        pp1_0.preferred_project_type,
        pp1_0.salary_hour,
        pp1_0.salary_month,
        pp1_0.service_field,
        pp1_0.slogan,
        pp1_0.slogan_sub,
        pp1_0.strength_desc,
        pp1_0.title,
        pp1_0.user_id,
        pp1_0.work_available_hours,
        pp1_0.work_category,
        pp1_0.work_preference,
        pp1_0.youtube_url 
    from
        partner_profile pp1_0
Hibernate: 
    select
        pp1_0.id,
        pp1_0.avatar_color,
        pp1_0.bio,
        pp1_0.bio_file_tag,
        pp1_0.bio_file_url,
        pp1_0.blog_url,
        pp1_0.communication_channels,
        pp1_0.dev_experience,
        pp1_0.dev_level,
        pp1_0.github_url,
        pp1_0.grade,
        pp1_0.hashtags,
        pp1_0.hero_key,
        pp1_0.job_roles,
        pp1_0.partner_type,
        pp1_0.portfolio_file_tag,
        pp1_0.portfolio_file_url,
        pp1_0.preferred_project_type,
        pp1_0.salary_hour,
        pp1_0.salary_month,
        pp1_0.service_field,
        pp1_0.slogan,
        pp1_0.slogan_sub,
        pp1_0.strength_desc,
        pp1_0.title,
        pp1_0.user_id,
        pp1_0.work_available_hours,
        pp1_0.work_category,
        pp1_0.work_preference,
        pp1_0.youtube_url 
    from
        partner_profile pp1_0
Hibernate: 
    select
        pp1_0.id,
        pp1_0.avatar_color,
        pp1_0.bio,
        pp1_0.bio_file_tag,
        pp1_0.bio_file_url,
        pp1_0.blog_url,
        pp1_0.communication_channels,
        pp1_0.dev_experience,
        pp1_0.dev_level,
        pp1_0.github_url,
        pp1_0.grade,
        pp1_0.hashtags,
        pp1_0.hero_key,
        pp1_0.job_roles,
        pp1_0.partner_type,
        pp1_0.portfolio_file_tag,
        pp1_0.portfolio_file_url,
        pp1_0.preferred_project_type,
        pp1_0.salary_hour,
        pp1_0.salary_month,
        pp1_0.service_field,
        pp1_0.slogan,
        pp1_0.slogan_sub,
        pp1_0.strength_desc,
        pp1_0.title,
        pp1_0.user_id,
        pp1_0.work_available_hours,
        pp1_0.work_category,
        pp1_0.work_preference,
        pp1_0.youtube_url 
    from
        partner_profile pp1_0
Hibernate: 
    select
        pp1_0.id,
        pp1_0.avatar_color,
        pp1_0.bio,
        pp1_0.bio_file_tag,
        pp1_0.bio_file_url,
        pp1_0.blog_url,
        pp1_0.communication_channels,
        pp1_0.dev_experience,
        pp1_0.dev_level,
        pp1_0.github_url,
        pp1_0.grade,
        pp1_0.hashtags,
        pp1_0.hero_key,
        pp1_0.job_roles,
        pp1_0.partner_type,
        pp1_0.portfolio_file_tag,
        pp1_0.portfolio_file_url,
        pp1_0.preferred_project_type,
        pp1_0.salary_hour,
        pp1_0.salary_month,
        pp1_0.service_field,
        pp1_0.slogan,
        pp1_0.slogan_sub,
        pp1_0.strength_desc,
        pp1_0.title,
        pp1_0.user_id,
        pp1_0.work_available_hours,
        pp1_0.work_category,
        pp1_0.work_preference,
        pp1_0.youtube_url 
    from
        partner_profile pp1_0
Hibernate: 
    select
        pp1_0.id,
        pp1_0.avatar_color,
        pp1_0.bio,
        pp1_0.bio_file_tag,
        pp1_0.bio_file_url,
        pp1_0.blog_url,
        pp1_0.communication_channels,
        pp1_0.dev_experience,
        pp1_0.dev_level,
        pp1_0.github_url,
        pp1_0.grade,
        pp1_0.hashtags,
        pp1_0.hero_key,
        pp1_0.job_roles,
        pp1_0.partner_type,
        pp1_0.portfolio_file_tag,
        pp1_0.portfolio_file_url,
        pp1_0.preferred_project_type,
        pp1_0.salary_hour,
        pp1_0.salary_month,
        pp1_0.service_field,
        pp1_0.slogan,
        pp1_0.slogan_sub,
        pp1_0.strength_desc,
        pp1_0.title,
        pp1_0.user_id,
        pp1_0.work_available_hours,
        pp1_0.work_category,
        pp1_0.work_preference,
        pp1_0.youtube_url 
    from
        partner_profile pp1_0
Hibernate: 
    select
        pp1_0.id,
        pp1_0.avatar_color,
        pp1_0.bio,
        pp1_0.bio_file_tag,
        pp1_0.bio_file_url,
        pp1_0.blog_url,
        pp1_0.communication_channels,
        pp1_0.dev_experience,
        pp1_0.dev_level,
        pp1_0.github_url,
        pp1_0.grade,
        pp1_0.hashtags,
        pp1_0.hero_key,
        pp1_0.job_roles,
        pp1_0.partner_type,
        pp1_0.portfolio_file_tag,
        pp1_0.portfolio_file_url,
        pp1_0.preferred_project_type,
        pp1_0.salary_hour,
        pp1_0.salary_month,
        pp1_0.service_field,
        pp1_0.slogan,
        pp1_0.slogan_sub,
        pp1_0.strength_desc,
        pp1_0.title,
        pp1_0.user_id,
        pp1_0.work_available_hours,
        pp1_0.work_category,
        pp1_0.work_preference,
        pp1_0.youtube_url 
    from
        partner_profile pp1_0
Hibernate: 
    select
        pp1_0.id,
        pp1_0.avatar_color,
        pp1_0.bio,
        pp1_0.bio_file_tag,
        pp1_0.bio_file_url,
        pp1_0.blog_url,
        pp1_0.communication_channels,
        pp1_0.dev_experience,
        pp1_0.dev_level,
        pp1_0.github_url,
        pp1_0.grade,
        pp1_0.hashtags,
        pp1_0.hero_key,
        pp1_0.job_roles,
        pp1_0.partner_type,
        pp1_0.portfolio_file_tag,
        pp1_0.portfolio_file_url,
        pp1_0.preferred_project_type,
        pp1_0.salary_hour,
        pp1_0.salary_month,
        pp1_0.service_field,
        pp1_0.slogan,
        pp1_0.slogan_sub,
        pp1_0.strength_desc,
        pp1_0.title,
        pp1_0.user_id,
        pp1_0.work_available_hours,
        pp1_0.work_category,
        pp1_0.work_preference,
        pp1_0.youtube_url 
    from
        partner_profile pp1_0
Hibernate: 
    select
        pp1_0.id,
        pp1_0.avatar_color,
        pp1_0.bio,
        pp1_0.bio_file_tag,
        pp1_0.bio_file_url,
        pp1_0.blog_url,
        pp1_0.communication_channels,
        pp1_0.dev_experience,
        pp1_0.dev_level,
        pp1_0.github_url,
        pp1_0.grade,
        pp1_0.hashtags,
        pp1_0.hero_key,
        pp1_0.job_roles,
        pp1_0.partner_type,
        pp1_0.portfolio_file_tag,
        pp1_0.portfolio_file_url,
        pp1_0.preferred_project_type,
        pp1_0.salary_hour,
        pp1_0.salary_month,
        pp1_0.service_field,
        pp1_0.slogan,
        pp1_0.slogan_sub,
        pp1_0.strength_desc,
        pp1_0.title,
        pp1_0.user_id,
        pp1_0.work_available_hours,
        pp1_0.work_category,
        pp1_0.work_preference,
        pp1_0.youtube_url 
    from
        partner_profile pp1_0
Hibernate: 
    select
        pp1_0.id,
        pp1_0.avatar_color,
        pp1_0.bio,
        pp1_0.bio_file_tag,
        pp1_0.bio_file_url,
        pp1_0.blog_url,
        pp1_0.communication_channels,
        pp1_0.dev_experience,
        pp1_0.dev_level,
        pp1_0.github_url,
        pp1_0.grade,
        pp1_0.hashtags,
        pp1_0.hero_key,
        pp1_0.job_roles,
        pp1_0.partner_type,
        pp1_0.portfolio_file_tag,
        pp1_0.portfolio_file_url,
        pp1_0.preferred_project_type,
        pp1_0.salary_hour,
        pp1_0.salary_month,
        pp1_0.service_field,
        pp1_0.slogan,
        pp1_0.slogan_sub,
        pp1_0.strength_desc,
        pp1_0.title,
        pp1_0.user_id,
        pp1_0.work_available_hours,
        pp1_0.work_category,
        pp1_0.work_preference,
        pp1_0.youtube_url 
    from
        partner_profile pp1_0
Hibernate: 
    select
        pp1_0.id,
        pp1_0.avatar_color,
        pp1_0.bio,
        pp1_0.bio_file_tag,
        pp1_0.bio_file_url,
        pp1_0.blog_url,
        pp1_0.communication_channels,
        pp1_0.dev_experience,
        pp1_0.dev_level,
        pp1_0.github_url,
        pp1_0.grade,
        pp1_0.hashtags,
        pp1_0.hero_key,
        pp1_0.job_roles,
        pp1_0.partner_type,
        pp1_0.portfolio_file_tag,
        pp1_0.portfolio_file_url,
        pp1_0.preferred_project_type,
        pp1_0.salary_hour,
        pp1_0.salary_month,
        pp1_0.service_field,
        pp1_0.slogan,
        pp1_0.slogan_sub,
        pp1_0.strength_desc,
        pp1_0.title,
        pp1_0.user_id,
        pp1_0.work_available_hours,
        pp1_0.work_category,
        pp1_0.work_preference,
        pp1_0.youtube_url 
    from
        partner_profile pp1_0
Hibernate: 
    select
        count(*) 
    from
        partner_skill ps1_0
2026-04-20T17:56:10.662+09:00  INFO 35280 --- [devbridge] [    Test worker] c.DevBridge.devbridge.config.DataSeeder  : [partner_skill] 스킵
Hibernate: 
    select
        count(*) 
    from
        partner_profile_stats pps1_0
2026-04-20T17:56:10.664+09:00  INFO 35280 --- [devbridge] [    Test worker] c.DevBridge.devbridge.config.DataSeeder  : [partner_profile_stats] 스킵
Hibernate: 
    select
        count(*) 
    from
        client_profile_stats cps1_0
2026-04-20T17:56:10.667+09:00  INFO 35280 --- [devbridge] [    Test worker] c.DevBridge.devbridge.config.DataSeeder  : [client_profile_stats] 스킵
Hibernate: 
    select
        count(*) 
    from
        client_preferred_skill cps1_0
2026-04-20T17:56:10.670+09:00  INFO 35280 --- [devbridge] [    Test worker] c.DevBridge.devbridge.config.DataSeeder  : [client_preferred_skill] 스킵
Hibernate: 
    select
        count(*) 
    from
        projects p1_0
2026-04-20T17:56:10.672+09:00  INFO 35280 --- [devbridge] [    Test worker] c.DevBridge.devbridge.config.DataSeeder  : [projects] 스킵
Hibernate: 
    select
        p1_0.id,
        p1_0.additional_comment,
        p1_0.additional_file_url,
        p1_0.avatar_color,
        p1_0.budget_amount,
        p1_0.budget_max,
        p1_0.budget_min,
        p1_0.category,
        p1_0.collab_design,
        p1_0.collab_dev,
        p1_0.collab_planning,
        p1_0.collab_publishing,
        p1_0.contract_months,
        p1_0.contract_terms,
        p1_0.created_at,
        p1_0.current_stacks,
        p1_0.current_status,
        p1_0.deadline,
        p1_0.`desc`,
        p1_0.detail_content,
        p1_0.dev_stage,
        p1_0.duration_months,
        p1_0.gov_support,
        p1_0.grade,
        p1_0.is_partner_free,
        p1_0.it_exp,
        p1_0.meeting_freq,
        p1_0.meeting_tools,
        p1_0.meeting_type,
        p1_0.monthly_rate,
        p1_0.outsource_project_type,
        p1_0.project_type,
        p1_0.questions,
        p1_0.ready_status,
        p1_0.reference_file_url,
        p1_0.req_tags,
        p1_0.schedule_negotiable,
        p1_0.service_field,
        p1_0.slogan,
        p1_0.slogan_sub,
        p1_0.start_date,
        p1_0.start_date_negotiable,
        p1_0.status,
        p1_0.team_size,
        p1_0.title,
        p1_0.updated_at,
        p1_0.user_id,
        p1_0.visibility,
        p1_0.work_days,
        p1_0.work_hours,
        p1_0.work_location,
        p1_0.work_scope,
        p1_0.work_style 
    from
        projects p1_0
Hibernate: 
    select
        count(*) 
    from
        project_tags pt1_0
2026-04-20T17:56:10.711+09:00  INFO 35280 --- [devbridge] [    Test worker] c.DevBridge.devbridge.config.DataSeeder  : [project_tags] 스킵
Hibernate: 
    select
        count(*) 
    from
        project_skill_mapping psm1_0
2026-04-20T17:56:10.718+09:00  INFO 35280 --- [devbridge] [    Test worker] c.DevBridge.devbridge.config.DataSeeder  : [project_skill_mapping] 스킵
2026-04-20T17:56:10.719+09:00  INFO 35280 --- [devbridge] [    Test worker] c.DevBridge.devbridge.config.DataSeeder  : ===== DataSeeder 완료 =====
]]></system-out>
  <system-err><![CDATA[]]></system-err>
</testsuite>
